2024-04-15 20:41:57 [scrapy.utils.log] INFO: Scrapy 2.11.0 started (bot: securityHouse)
2024-04-15 20:41:57 [scrapy.utils.log] INFO: Versions: lxml 5.0.0.0, libxml2 2.10.3, cssselect 1.2.0, parsel 1.8.1, w3lib 2.1.2, Twisted 22.10.0, Python 3.11.4 (tags/v3.11.4:d2340ef, Jun  7 2023, 05:45:37) [MSC v.1934 64 bit (AMD64)], pyOpenSSL 23.3.0 (OpenSSL 3.1.4 24 Oct 2023), cryptography 41.0.7, Platform Windows-10-10.0.18363-SP0
2024-04-15 20:41:57 [scrapy.addons] INFO: Enabled addons:
[]
2024-04-15 20:41:57 [asyncio] DEBUG: Using selector: SelectSelector
2024-04-15 20:41:57 [scrapy.utils.log] DEBUG: Using reactor: twisted.internet.asyncioreactor.AsyncioSelectorReactor
2024-04-15 20:41:57 [scrapy.utils.log] DEBUG: Using asyncio event loop: asyncio.windows_events._WindowsSelectorEventLoop
2024-04-15 20:41:57 [scrapy.extensions.telnet] INFO: Telnet Password: 041b582b2a45dd3b
2024-04-15 20:41:57 [scrapy.middleware] INFO: Enabled extensions:
['scrapy.extensions.corestats.CoreStats',
 'scrapy.extensions.telnet.TelnetConsole',
 'scrapy.extensions.logstats.LogStats']
2024-04-15 20:41:57 [scrapy.crawler] INFO: Overridden settings:
{'BOT_NAME': 'securityHouse',
 'CONCURRENT_REQUESTS': 8,
 'FEED_EXPORT_ENCODING': 'utf-8',
 'LOG_FILE': 'logs\\securityHouse\\securityHouse\\891643d0fb2511eea7c2b025aa31a78a.log',
 'NEWSPIDER_MODULE': 'securityHouse.spiders',
 'REQUEST_FINGERPRINTER_IMPLEMENTATION': '2.7',
 'ROBOTSTXT_OBEY': True,
 'SPIDER_MODULES': ['securityHouse.spiders'],
 'TWISTED_REACTOR': 'twisted.internet.asyncioreactor.AsyncioSelectorReactor'}
2024-04-15 20:41:57 [scrapy.middleware] INFO: Enabled downloader middlewares:
['scrapy.downloadermiddlewares.robotstxt.RobotsTxtMiddleware',
 'scrapy.downloadermiddlewares.httpauth.HttpAuthMiddleware',
 'scrapy.downloadermiddlewares.downloadtimeout.DownloadTimeoutMiddleware',
 'scrapy.downloadermiddlewares.defaultheaders.DefaultHeadersMiddleware',
 'scrapy.downloadermiddlewares.useragent.UserAgentMiddleware',
 'scrapy.downloadermiddlewares.retry.RetryMiddleware',
 'scrapy.downloadermiddlewares.redirect.MetaRefreshMiddleware',
 'scrapy.downloadermiddlewares.httpcompression.HttpCompressionMiddleware',
 'scrapy.downloadermiddlewares.redirect.RedirectMiddleware',
 'scrapy.downloadermiddlewares.cookies.CookiesMiddleware',
 'scrapy.downloadermiddlewares.httpproxy.HttpProxyMiddleware',
 'scrapy.downloadermiddlewares.stats.DownloaderStats']
2024-04-15 20:41:57 [scrapy.middleware] INFO: Enabled spider middlewares:
['scrapy.spidermiddlewares.httperror.HttpErrorMiddleware',
 'scrapy.spidermiddlewares.offsite.OffsiteMiddleware',
 'scrapy.spidermiddlewares.referer.RefererMiddleware',
 'scrapy.spidermiddlewares.urllength.UrlLengthMiddleware',
 'scrapy.spidermiddlewares.depth.DepthMiddleware']
2024-04-15 20:41:57 [scrapy.middleware] INFO: Enabled item pipelines:
['securityHouse.pipelines.SecurityhousePipeline']
2024-04-15 20:41:57 [scrapy.core.engine] INFO: Spider opened
2024-04-15 20:41:58 [scrapy.extensions.logstats] INFO: Crawled 0 pages (at 0 pages/min), scraped 0 items (at 0 items/min)
2024-04-15 20:41:58 [scrapy.extensions.telnet] INFO: Telnet console listening on 127.0.0.1:6023
2024-04-15 20:41:58 [scrapy.core.engine] DEBUG: Crawled (404) <GET https://fgj.sh.gov.cn/robots.txt> (referer: None)
2024-04-15 20:41:58 [scrapy.core.engine] DEBUG: Crawled (200) <GET https://fgj.sh.gov.cn/gycqbzfgsgg/index.html> (referer: None)
2024-04-15 20:41:58 [scrapy.core.engine] DEBUG: Crawled (200) <GET https://fgj.sh.gov.cn/gycqbzfgsgg/index_8.html> (referer: None)
2024-04-15 20:41:58 [scrapy.core.engine] DEBUG: Crawled (200) <GET https://fgj.sh.gov.cn/gycqbzfgsgg/index_2.html> (referer: None)
2024-04-15 20:41:58 [scrapy.core.engine] DEBUG: Crawled (404) <GET https://fgj.sh.gov.cn/gycqbzfgsgg/index_1.html> (referer: None)
2024-04-15 20:41:58 [scrapy.core.engine] DEBUG: Crawled (200) <GET https://fgj.sh.gov.cn/gycqbzfgsgg/index_9.html> (referer: None)
2024-04-15 20:41:58 [scrapy.core.engine] DEBUG: Crawled (200) <GET https://fgj.sh.gov.cn/gycqbzfgsgg/index_4.html> (referer: None)
2024-04-15 20:41:58 [scrapy.core.engine] DEBUG: Crawled (200) <GET https://fgj.sh.gov.cn/gycqbzfgsgg/index_5.html> (referer: None)
2024-04-15 20:41:58 [scrapy.core.engine] DEBUG: Crawled (200) <GET https://fgj.sh.gov.cn/gycqbzfgsgg/index_6.html> (referer: None)
2024-04-15 20:41:58 [scrapy.core.engine] DEBUG: Crawled (200) <GET https://fgj.sh.gov.cn/gycqbzfgsgg/index_3.html> (referer: None)
2024-04-15 20:41:58 [scrapy.core.engine] DEBUG: Crawled (200) <GET https://fgj.sh.gov.cn/gycqbzfgsgg/index_7.html> (referer: None)
2024-04-15 20:41:58 [scrapy.core.engine] DEBUG: Crawled (200) <GET https://fgj.sh.gov.cn/gycqbzfgsgg/index_10.html> (referer: None)
2024-04-15 20:41:58 [scrapy.core.engine] DEBUG: Crawled (200) <GET https://fgj.sh.gov.cn/gycqbzfgsgg/index_11.html> (referer: None)
2024-04-15 20:41:58 [scrapy.core.engine] DEBUG: Crawled (200) <GET https://fgj.sh.gov.cn/gycqbzfgsgg/20230915/4139a0e385e649eaaae9e5564c7251e9.html> (referer: https://fgj.sh.gov.cn/gycqbzfgsgg/index.html)
2024-04-15 20:41:58 [scrapy.core.engine] DEBUG: Crawled (200) <GET https://fgj.sh.gov.cn/gycqbzfgsgg/20230915/4d424323ff584294a07b107fe4a6fb07.html> (referer: https://fgj.sh.gov.cn/gycqbzfgsgg/index.html)
2024-04-15 20:41:58 [scrapy.core.engine] DEBUG: Crawled (200) <GET https://fgj.sh.gov.cn/gycqbzfgsgg/20230915/16aee5b94c6347dab3d80bfa7acddd34.html> (referer: https://fgj.sh.gov.cn/gycqbzfgsgg/index.html)
2024-04-15 20:41:58 [scrapy.core.engine] DEBUG: Crawled (200) <GET https://fgj.sh.gov.cn/gycqbzfgsgg/20230925/6ffd70fc80ac407bb53fd33753119763.html> (referer: https://fgj.sh.gov.cn/gycqbzfgsgg/index.html)
2024-04-15 20:41:58 [scrapy.core.engine] DEBUG: Crawled (200) <GET https://fgj.sh.gov.cn/gycqbzfgsgg/20230925/da6aec3534d24199ac07009c5248c6d5.html> (referer: https://fgj.sh.gov.cn/gycqbzfgsgg/index.html)
2024-04-15 20:41:58 [scrapy.core.engine] DEBUG: Crawled (200) <GET https://fgj.sh.gov.cn/gycqbzfgsgg/20230612/f986bd3a95504c7e83d1de128c3640de.html> (referer: https://fgj.sh.gov.cn/gycqbzfgsgg/index_8.html)
2024-04-15 20:41:58 [scrapy.spidermiddlewares.httperror] INFO: Ignoring response <404 https://fgj.sh.gov.cn/gycqbzfgsgg/index_1.html>: HTTP status code is not handled or not allowed
2024-04-15 20:41:58 [scrapy.core.engine] DEBUG: Crawled (200) <GET https://fgj.sh.gov.cn/gycqbzfgsgg/20230906/99cd478b5e444d63b4f7a5e6e6a440e4.html> (referer: https://fgj.sh.gov.cn/gycqbzfgsgg/index.html)
2024-04-15 20:41:58 [scrapy.core.engine] DEBUG: Crawled (200) <GET https://fgj.sh.gov.cn/gycqbzfgsgg/20221118/68bd66b2743b4e5fa6641150d8fde7c8.html> (referer: https://fgj.sh.gov.cn/gycqbzfgsgg/index_9.html)
2024-04-15 20:41:58 [scrapy.core.engine] DEBUG: Crawled (200) <GET https://fgj.sh.gov.cn/gycqbzfgsgg/20221117/248e9fc78b254503b11de6f277e00b0e.html> (referer: https://fgj.sh.gov.cn/gycqbzfgsgg/index_9.html)
2024-04-15 20:41:58 [scrapy.core.engine] DEBUG: Crawled (200) <GET https://fgj.sh.gov.cn/gycqbzfgsgg/20230710/5f7a2735174641caa22b11bec021c0f9.html> (referer: https://fgj.sh.gov.cn/gycqbzfgsgg/index_5.html)
2024-04-15 20:41:58 [scrapy.core.engine] DEBUG: Crawled (200) <GET https://fgj.sh.gov.cn/gycqbzfgsgg/20221208/21da0cbe1ae84bdcbd9b6ecd11e93193.html> (referer: https://fgj.sh.gov.cn/gycqbzfgsgg/index_9.html)
2024-04-15 20:41:58 [scrapy.core.engine] DEBUG: Crawled (200) <GET https://fgj.sh.gov.cn/gycqbzfgsgg/20230710/6a0114ece1e64407ba791e8ce11482cd.html> (referer: https://fgj.sh.gov.cn/gycqbzfgsgg/index_5.html)
2024-04-15 20:41:58 [scrapy.core.scraper] ERROR: Spider error processing <GET https://fgj.sh.gov.cn/gycqbzfgsgg/20230915/4139a0e385e649eaaae9e5564c7251e9.html> (referer: https://fgj.sh.gov.cn/gycqbzfgsgg/index.html)
Traceback (most recent call last):
  File "E:\software\python3\Lib\site-packages\scrapy\utils\defer.py", line 279, in iter_errback
    yield next(it)
          ^^^^^^^^
  File "E:\software\python3\Lib\site-packages\scrapy\utils\python.py", line 350, in __next__
    return next(self.data)
           ^^^^^^^^^^^^^^^
  File "E:\software\python3\Lib\site-packages\scrapy\utils\python.py", line 350, in __next__
    return next(self.data)
           ^^^^^^^^^^^^^^^
  File "E:\software\python3\Lib\site-packages\scrapy\core\spidermw.py", line 106, in process_sync
    for r in iterable:
  File "E:\software\python3\Lib\site-packages\scrapy\spidermiddlewares\offsite.py", line 28, in <genexpr>
    return (r for r in result or () if self._filter(r, spider))
           ^^^^^^^^^^^^^^^^^^^^^^^^^^^^^^^^^^^^^^^^^^^^^^^^^^^^
  File "E:\software\python3\Lib\site-packages\scrapy\core\spidermw.py", line 106, in process_sync
    for r in iterable:
  File "E:\software\python3\Lib\site-packages\scrapy\spidermiddlewares\referer.py", line 352, in <genexpr>
    return (self._set_referer(r, response) for r in result or ())
           ^^^^^^^^^^^^^^^^^^^^^^^^^^^^^^^^^^^^^^^^^^^^^^^^^^^^^^
  File "E:\software\python3\Lib\site-packages\scrapy\core\spidermw.py", line 106, in process_sync
    for r in iterable:
  File "E:\software\python3\Lib\site-packages\scrapy\spidermiddlewares\urllength.py", line 27, in <genexpr>
    return (r for r in result or () if self._filter(r, spider))
           ^^^^^^^^^^^^^^^^^^^^^^^^^^^^^^^^^^^^^^^^^^^^^^^^^^^^
  File "E:\software\python3\Lib\site-packages\scrapy\core\spidermw.py", line 106, in process_sync
    for r in iterable:
  File "E:\software\python3\Lib\site-packages\scrapy\spidermiddlewares\depth.py", line 31, in <genexpr>
    return (r for r in result or () if self._filter(r, response, spider))
           ^^^^^^^^^^^^^^^^^^^^^^^^^^^^^^^^^^^^^^^^^^^^^^^^^^^^^^^^^^^^^^
  File "E:\software\python3\Lib\site-packages\scrapy\core\spidermw.py", line 106, in process_sync
    for r in iterable:
  File "D:\python\securityHouse\securityHouse\spiders\security_house_request.py", line 131, in parse_detail_home
    print(content)
UnicodeEncodeError: 'gbk' codec can't encode character '\xa0' in position 47: illegal multibyte sequence
2024-04-15 20:41:58 [scrapy.core.scraper] ERROR: Spider error processing <GET https://fgj.sh.gov.cn/gycqbzfgsgg/20230915/4d424323ff584294a07b107fe4a6fb07.html> (referer: https://fgj.sh.gov.cn/gycqbzfgsgg/index.html)
Traceback (most recent call last):
  File "E:\software\python3\Lib\site-packages\scrapy\utils\defer.py", line 279, in iter_errback
    yield next(it)
          ^^^^^^^^
  File "E:\software\python3\Lib\site-packages\scrapy\utils\python.py", line 350, in __next__
    return next(self.data)
           ^^^^^^^^^^^^^^^
  File "E:\software\python3\Lib\site-packages\scrapy\utils\python.py", line 350, in __next__
    return next(self.data)
           ^^^^^^^^^^^^^^^
  File "E:\software\python3\Lib\site-packages\scrapy\core\spidermw.py", line 106, in process_sync
    for r in iterable:
  File "E:\software\python3\Lib\site-packages\scrapy\spidermiddlewares\offsite.py", line 28, in <genexpr>
    return (r for r in result or () if self._filter(r, spider))
           ^^^^^^^^^^^^^^^^^^^^^^^^^^^^^^^^^^^^^^^^^^^^^^^^^^^^
  File "E:\software\python3\Lib\site-packages\scrapy\core\spidermw.py", line 106, in process_sync
    for r in iterable:
  File "E:\software\python3\Lib\site-packages\scrapy\spidermiddlewares\referer.py", line 352, in <genexpr>
    return (self._set_referer(r, response) for r in result or ())
           ^^^^^^^^^^^^^^^^^^^^^^^^^^^^^^^^^^^^^^^^^^^^^^^^^^^^^^
  File "E:\software\python3\Lib\site-packages\scrapy\core\spidermw.py", line 106, in process_sync
    for r in iterable:
  File "E:\software\python3\Lib\site-packages\scrapy\spidermiddlewares\urllength.py", line 27, in <genexpr>
    return (r for r in result or () if self._filter(r, spider))
           ^^^^^^^^^^^^^^^^^^^^^^^^^^^^^^^^^^^^^^^^^^^^^^^^^^^^
  File "E:\software\python3\Lib\site-packages\scrapy\core\spidermw.py", line 106, in process_sync
    for r in iterable:
  File "E:\software\python3\Lib\site-packages\scrapy\spidermiddlewares\depth.py", line 31, in <genexpr>
    return (r for r in result or () if self._filter(r, response, spider))
           ^^^^^^^^^^^^^^^^^^^^^^^^^^^^^^^^^^^^^^^^^^^^^^^^^^^^^^^^^^^^^^
  File "E:\software\python3\Lib\site-packages\scrapy\core\spidermw.py", line 106, in process_sync
    for r in iterable:
  File "D:\python\securityHouse\securityHouse\spiders\security_house_request.py", line 131, in parse_detail_home
    print(content)
UnicodeEncodeError: 'gbk' codec can't encode character '\xa0' in position 42: illegal multibyte sequence
2024-04-15 20:41:58 [scrapy.core.scraper] ERROR: Spider error processing <GET https://fgj.sh.gov.cn/gycqbzfgsgg/20230915/16aee5b94c6347dab3d80bfa7acddd34.html> (referer: https://fgj.sh.gov.cn/gycqbzfgsgg/index.html)
Traceback (most recent call last):
  File "E:\software\python3\Lib\site-packages\scrapy\utils\defer.py", line 279, in iter_errback
    yield next(it)
          ^^^^^^^^
  File "E:\software\python3\Lib\site-packages\scrapy\utils\python.py", line 350, in __next__
    return next(self.data)
           ^^^^^^^^^^^^^^^
  File "E:\software\python3\Lib\site-packages\scrapy\utils\python.py", line 350, in __next__
    return next(self.data)
           ^^^^^^^^^^^^^^^
  File "E:\software\python3\Lib\site-packages\scrapy\core\spidermw.py", line 106, in process_sync
    for r in iterable:
  File "E:\software\python3\Lib\site-packages\scrapy\spidermiddlewares\offsite.py", line 28, in <genexpr>
    return (r for r in result or () if self._filter(r, spider))
           ^^^^^^^^^^^^^^^^^^^^^^^^^^^^^^^^^^^^^^^^^^^^^^^^^^^^
  File "E:\software\python3\Lib\site-packages\scrapy\core\spidermw.py", line 106, in process_sync
    for r in iterable:
  File "E:\software\python3\Lib\site-packages\scrapy\spidermiddlewares\referer.py", line 352, in <genexpr>
    return (self._set_referer(r, response) for r in result or ())
           ^^^^^^^^^^^^^^^^^^^^^^^^^^^^^^^^^^^^^^^^^^^^^^^^^^^^^^
  File "E:\software\python3\Lib\site-packages\scrapy\core\spidermw.py", line 106, in process_sync
    for r in iterable:
  File "E:\software\python3\Lib\site-packages\scrapy\spidermiddlewares\urllength.py", line 27, in <genexpr>
    return (r for r in result or () if self._filter(r, spider))
           ^^^^^^^^^^^^^^^^^^^^^^^^^^^^^^^^^^^^^^^^^^^^^^^^^^^^
  File "E:\software\python3\Lib\site-packages\scrapy\core\spidermw.py", line 106, in process_sync
    for r in iterable:
  File "E:\software\python3\Lib\site-packages\scrapy\spidermiddlewares\depth.py", line 31, in <genexpr>
    return (r for r in result or () if self._filter(r, response, spider))
           ^^^^^^^^^^^^^^^^^^^^^^^^^^^^^^^^^^^^^^^^^^^^^^^^^^^^^^^^^^^^^^
  File "E:\software\python3\Lib\site-packages\scrapy\core\spidermw.py", line 106, in process_sync
    for r in iterable:
  File "D:\python\securityHouse\securityHouse\spiders\security_house_request.py", line 131, in parse_detail_home
    print(content)
UnicodeEncodeError: 'gbk' codec can't encode character '\xa0' in position 52: illegal multibyte sequence
2024-04-15 20:41:58 [scrapy.core.engine] DEBUG: Crawled (200) <GET https://fgj.sh.gov.cn/gycqbzfgsgg/20221108/5c591c83e5a349d4b703cf2ae0a9dd2b.html> (referer: https://fgj.sh.gov.cn/gycqbzfgsgg/index_10.html)
2024-04-15 20:41:58 [scrapy.core.engine] DEBUG: Crawled (200) <GET https://fgj.sh.gov.cn/gycqbzfgsgg/20221102/4c94ce19b242479189486d9d0e57c3a3.html> (referer: https://fgj.sh.gov.cn/gycqbzfgsgg/index_10.html)
2024-04-15 20:41:58 [scrapy.core.scraper] ERROR: Spider error processing <GET https://fgj.sh.gov.cn/gycqbzfgsgg/20230925/6ffd70fc80ac407bb53fd33753119763.html> (referer: https://fgj.sh.gov.cn/gycqbzfgsgg/index.html)
Traceback (most recent call last):
  File "E:\software\python3\Lib\site-packages\scrapy\utils\defer.py", line 279, in iter_errback
    yield next(it)
          ^^^^^^^^
  File "E:\software\python3\Lib\site-packages\scrapy\utils\python.py", line 350, in __next__
    return next(self.data)
           ^^^^^^^^^^^^^^^
  File "E:\software\python3\Lib\site-packages\scrapy\utils\python.py", line 350, in __next__
    return next(self.data)
           ^^^^^^^^^^^^^^^
  File "E:\software\python3\Lib\site-packages\scrapy\core\spidermw.py", line 106, in process_sync
    for r in iterable:
  File "E:\software\python3\Lib\site-packages\scrapy\spidermiddlewares\offsite.py", line 28, in <genexpr>
    return (r for r in result or () if self._filter(r, spider))
           ^^^^^^^^^^^^^^^^^^^^^^^^^^^^^^^^^^^^^^^^^^^^^^^^^^^^
  File "E:\software\python3\Lib\site-packages\scrapy\core\spidermw.py", line 106, in process_sync
    for r in iterable:
  File "E:\software\python3\Lib\site-packages\scrapy\spidermiddlewares\referer.py", line 352, in <genexpr>
    return (self._set_referer(r, response) for r in result or ())
           ^^^^^^^^^^^^^^^^^^^^^^^^^^^^^^^^^^^^^^^^^^^^^^^^^^^^^^
  File "E:\software\python3\Lib\site-packages\scrapy\core\spidermw.py", line 106, in process_sync
    for r in iterable:
  File "E:\software\python3\Lib\site-packages\scrapy\spidermiddlewares\urllength.py", line 27, in <genexpr>
    return (r for r in result or () if self._filter(r, spider))
           ^^^^^^^^^^^^^^^^^^^^^^^^^^^^^^^^^^^^^^^^^^^^^^^^^^^^
  File "E:\software\python3\Lib\site-packages\scrapy\core\spidermw.py", line 106, in process_sync
    for r in iterable:
  File "E:\software\python3\Lib\site-packages\scrapy\spidermiddlewares\depth.py", line 31, in <genexpr>
    return (r for r in result or () if self._filter(r, response, spider))
           ^^^^^^^^^^^^^^^^^^^^^^^^^^^^^^^^^^^^^^^^^^^^^^^^^^^^^^^^^^^^^^
  File "E:\software\python3\Lib\site-packages\scrapy\core\spidermw.py", line 106, in process_sync
    for r in iterable:
  File "D:\python\securityHouse\securityHouse\spiders\security_house_request.py", line 131, in parse_detail_home
    print(content)
UnicodeEncodeError: 'gbk' codec can't encode character '\xa0' in position 74: illegal multibyte sequence
2024-04-15 20:41:58 [scrapy.core.scraper] DEBUG: Scraped from <200 https://fgj.sh.gov.cn/gycqbzfgsgg/20230925/da6aec3534d24199ac07009c5248c6d5.html>
{'area': '奉贤',
 'link': 'https://fgj.sh.gov.cn/gycqbzfgsgg/20230925/da6aec3534d24199ac07009c5248c6d5.html',
 'max': '12',
 'one': 0,
 'three': 8,
 'title': '上海市奉贤区第五批（2023年）非本市户籍共有产权保障住房房源信息公示公告',
 'total': 24,
 'two': 16,
 'types': 'house',
 'years': '2023年'}
2024-04-15 20:41:58 [scrapy.core.scraper] ERROR: Spider error processing <GET https://fgj.sh.gov.cn/gycqbzfgsgg/20230612/f986bd3a95504c7e83d1de128c3640de.html> (referer: https://fgj.sh.gov.cn/gycqbzfgsgg/index_8.html)
Traceback (most recent call last):
  File "E:\software\python3\Lib\site-packages\scrapy\utils\defer.py", line 279, in iter_errback
    yield next(it)
          ^^^^^^^^
  File "E:\software\python3\Lib\site-packages\scrapy\utils\python.py", line 350, in __next__
    return next(self.data)
           ^^^^^^^^^^^^^^^
  File "E:\software\python3\Lib\site-packages\scrapy\utils\python.py", line 350, in __next__
    return next(self.data)
           ^^^^^^^^^^^^^^^
  File "E:\software\python3\Lib\site-packages\scrapy\core\spidermw.py", line 106, in process_sync
    for r in iterable:
  File "E:\software\python3\Lib\site-packages\scrapy\spidermiddlewares\offsite.py", line 28, in <genexpr>
    return (r for r in result or () if self._filter(r, spider))
           ^^^^^^^^^^^^^^^^^^^^^^^^^^^^^^^^^^^^^^^^^^^^^^^^^^^^
  File "E:\software\python3\Lib\site-packages\scrapy\core\spidermw.py", line 106, in process_sync
    for r in iterable:
  File "E:\software\python3\Lib\site-packages\scrapy\spidermiddlewares\referer.py", line 352, in <genexpr>
    return (self._set_referer(r, response) for r in result or ())
           ^^^^^^^^^^^^^^^^^^^^^^^^^^^^^^^^^^^^^^^^^^^^^^^^^^^^^^
  File "E:\software\python3\Lib\site-packages\scrapy\core\spidermw.py", line 106, in process_sync
    for r in iterable:
  File "E:\software\python3\Lib\site-packages\scrapy\spidermiddlewares\urllength.py", line 27, in <genexpr>
    return (r for r in result or () if self._filter(r, spider))
           ^^^^^^^^^^^^^^^^^^^^^^^^^^^^^^^^^^^^^^^^^^^^^^^^^^^^
  File "E:\software\python3\Lib\site-packages\scrapy\core\spidermw.py", line 106, in process_sync
    for r in iterable:
  File "E:\software\python3\Lib\site-packages\scrapy\spidermiddlewares\depth.py", line 31, in <genexpr>
    return (r for r in result or () if self._filter(r, response, spider))
           ^^^^^^^^^^^^^^^^^^^^^^^^^^^^^^^^^^^^^^^^^^^^^^^^^^^^^^^^^^^^^^
  File "E:\software\python3\Lib\site-packages\scrapy\core\spidermw.py", line 106, in process_sync
    for r in iterable:
  File "D:\python\securityHouse\securityHouse\spiders\security_house_request.py", line 131, in parse_detail_home
    print(content)
UnicodeEncodeError: 'gbk' codec can't encode character '\xa0' in position 48: illegal multibyte sequence
2024-04-15 20:41:58 [scrapy.core.engine] DEBUG: Crawled (200) <GET https://fgj.sh.gov.cn/gycqbzfgsgg/20230724/9c22e94eb2cd4de8896ccc89b7c31016.html> (referer: https://fgj.sh.gov.cn/gycqbzfgsgg/index_3.html)
2024-04-15 20:41:58 [scrapy.core.engine] DEBUG: Crawled (200) <GET https://fgj.sh.gov.cn/gycqbzfgsgg/20230724/3ee7c825c30641219a286cff22aa01c7.html> (referer: https://fgj.sh.gov.cn/gycqbzfgsgg/index_3.html)
2024-04-15 20:41:58 [scrapy.core.scraper] ERROR: Spider error processing <GET https://fgj.sh.gov.cn/gycqbzfgsgg/20230906/99cd478b5e444d63b4f7a5e6e6a440e4.html> (referer: https://fgj.sh.gov.cn/gycqbzfgsgg/index.html)
Traceback (most recent call last):
  File "E:\software\python3\Lib\site-packages\scrapy\utils\defer.py", line 279, in iter_errback
    yield next(it)
          ^^^^^^^^
  File "E:\software\python3\Lib\site-packages\scrapy\utils\python.py", line 350, in __next__
    return next(self.data)
           ^^^^^^^^^^^^^^^
  File "E:\software\python3\Lib\site-packages\scrapy\utils\python.py", line 350, in __next__
    return next(self.data)
           ^^^^^^^^^^^^^^^
  File "E:\software\python3\Lib\site-packages\scrapy\core\spidermw.py", line 106, in process_sync
    for r in iterable:
  File "E:\software\python3\Lib\site-packages\scrapy\spidermiddlewares\offsite.py", line 28, in <genexpr>
    return (r for r in result or () if self._filter(r, spider))
           ^^^^^^^^^^^^^^^^^^^^^^^^^^^^^^^^^^^^^^^^^^^^^^^^^^^^
  File "E:\software\python3\Lib\site-packages\scrapy\core\spidermw.py", line 106, in process_sync
    for r in iterable:
  File "E:\software\python3\Lib\site-packages\scrapy\spidermiddlewares\referer.py", line 352, in <genexpr>
    return (self._set_referer(r, response) for r in result or ())
           ^^^^^^^^^^^^^^^^^^^^^^^^^^^^^^^^^^^^^^^^^^^^^^^^^^^^^^
  File "E:\software\python3\Lib\site-packages\scrapy\core\spidermw.py", line 106, in process_sync
    for r in iterable:
  File "E:\software\python3\Lib\site-packages\scrapy\spidermiddlewares\urllength.py", line 27, in <genexpr>
    return (r for r in result or () if self._filter(r, spider))
           ^^^^^^^^^^^^^^^^^^^^^^^^^^^^^^^^^^^^^^^^^^^^^^^^^^^^
  File "E:\software\python3\Lib\site-packages\scrapy\core\spidermw.py", line 106, in process_sync
    for r in iterable:
  File "E:\software\python3\Lib\site-packages\scrapy\spidermiddlewares\depth.py", line 31, in <genexpr>
    return (r for r in result or () if self._filter(r, response, spider))
           ^^^^^^^^^^^^^^^^^^^^^^^^^^^^^^^^^^^^^^^^^^^^^^^^^^^^^^^^^^^^^^
  File "E:\software\python3\Lib\site-packages\scrapy\core\spidermw.py", line 106, in process_sync
    for r in iterable:
  File "D:\python\securityHouse\securityHouse\spiders\security_house_request.py", line 131, in parse_detail_home
    print(content)
UnicodeEncodeError: 'gbk' codec can't encode character '\xa0' in position 51: illegal multibyte sequence
2024-04-15 20:41:58 [scrapy.core.engine] DEBUG: Crawled (200) <GET https://fgj.sh.gov.cn/gycqbzfgsgg/20230612/6c6738481f634df69beb07f11b196b5b.html> (referer: https://fgj.sh.gov.cn/gycqbzfgsgg/index_8.html)
2024-04-15 20:41:58 [scrapy.core.engine] DEBUG: Crawled (200) <GET https://fgj.sh.gov.cn/gycqbzfgsgg/20230802/b8f219b390de4802ae5b980955d34927.html> (referer: https://fgj.sh.gov.cn/gycqbzfgsgg/index_3.html)
2024-04-15 20:41:58 [scrapy.core.engine] DEBUG: Crawled (200) <GET https://fgj.sh.gov.cn/gycqbzfgsgg/20230802/f6526bea058b4cbb94a81897c7503217.html> (referer: https://fgj.sh.gov.cn/gycqbzfgsgg/index_3.html)
2024-04-15 20:41:58 [scrapy.core.engine] DEBUG: Crawled (200) <GET https://fgj.sh.gov.cn/gycqbzfgsgg/20230802/4bc35a4ab0894d198e8dd39a2f01e3cd.html> (referer: https://fgj.sh.gov.cn/gycqbzfgsgg/index_3.html)
2024-04-15 20:41:58 [scrapy.core.scraper] ERROR: Spider error processing <GET https://fgj.sh.gov.cn/gycqbzfgsgg/20221118/68bd66b2743b4e5fa6641150d8fde7c8.html> (referer: https://fgj.sh.gov.cn/gycqbzfgsgg/index_9.html)
Traceback (most recent call last):
  File "E:\software\python3\Lib\site-packages\scrapy\utils\defer.py", line 279, in iter_errback
    yield next(it)
          ^^^^^^^^
  File "E:\software\python3\Lib\site-packages\scrapy\utils\python.py", line 350, in __next__
    return next(self.data)
           ^^^^^^^^^^^^^^^
  File "E:\software\python3\Lib\site-packages\scrapy\utils\python.py", line 350, in __next__
    return next(self.data)
           ^^^^^^^^^^^^^^^
  File "E:\software\python3\Lib\site-packages\scrapy\core\spidermw.py", line 106, in process_sync
    for r in iterable:
  File "E:\software\python3\Lib\site-packages\scrapy\spidermiddlewares\offsite.py", line 28, in <genexpr>
    return (r for r in result or () if self._filter(r, spider))
           ^^^^^^^^^^^^^^^^^^^^^^^^^^^^^^^^^^^^^^^^^^^^^^^^^^^^
  File "E:\software\python3\Lib\site-packages\scrapy\core\spidermw.py", line 106, in process_sync
    for r in iterable:
  File "E:\software\python3\Lib\site-packages\scrapy\spidermiddlewares\referer.py", line 352, in <genexpr>
    return (self._set_referer(r, response) for r in result or ())
           ^^^^^^^^^^^^^^^^^^^^^^^^^^^^^^^^^^^^^^^^^^^^^^^^^^^^^^
  File "E:\software\python3\Lib\site-packages\scrapy\core\spidermw.py", line 106, in process_sync
    for r in iterable:
  File "E:\software\python3\Lib\site-packages\scrapy\spidermiddlewares\urllength.py", line 27, in <genexpr>
    return (r for r in result or () if self._filter(r, spider))
           ^^^^^^^^^^^^^^^^^^^^^^^^^^^^^^^^^^^^^^^^^^^^^^^^^^^^
  File "E:\software\python3\Lib\site-packages\scrapy\core\spidermw.py", line 106, in process_sync
    for r in iterable:
  File "E:\software\python3\Lib\site-packages\scrapy\spidermiddlewares\depth.py", line 31, in <genexpr>
    return (r for r in result or () if self._filter(r, response, spider))
           ^^^^^^^^^^^^^^^^^^^^^^^^^^^^^^^^^^^^^^^^^^^^^^^^^^^^^^^^^^^^^^
  File "E:\software\python3\Lib\site-packages\scrapy\core\spidermw.py", line 106, in process_sync
    for r in iterable:
  File "D:\python\securityHouse\securityHouse\spiders\security_house_request.py", line 131, in parse_detail_home
    print(content)
UnicodeEncodeError: 'gbk' codec can't encode character '\xa0' in position 0: illegal multibyte sequence
2024-04-15 20:41:58 [scrapy.core.scraper] ERROR: Spider error processing <GET https://fgj.sh.gov.cn/gycqbzfgsgg/20221117/248e9fc78b254503b11de6f277e00b0e.html> (referer: https://fgj.sh.gov.cn/gycqbzfgsgg/index_9.html)
Traceback (most recent call last):
  File "E:\software\python3\Lib\site-packages\scrapy\utils\defer.py", line 279, in iter_errback
    yield next(it)
          ^^^^^^^^
  File "E:\software\python3\Lib\site-packages\scrapy\utils\python.py", line 350, in __next__
    return next(self.data)
           ^^^^^^^^^^^^^^^
  File "E:\software\python3\Lib\site-packages\scrapy\utils\python.py", line 350, in __next__
    return next(self.data)
           ^^^^^^^^^^^^^^^
  File "E:\software\python3\Lib\site-packages\scrapy\core\spidermw.py", line 106, in process_sync
    for r in iterable:
  File "E:\software\python3\Lib\site-packages\scrapy\spidermiddlewares\offsite.py", line 28, in <genexpr>
    return (r for r in result or () if self._filter(r, spider))
           ^^^^^^^^^^^^^^^^^^^^^^^^^^^^^^^^^^^^^^^^^^^^^^^^^^^^
  File "E:\software\python3\Lib\site-packages\scrapy\core\spidermw.py", line 106, in process_sync
    for r in iterable:
  File "E:\software\python3\Lib\site-packages\scrapy\spidermiddlewares\referer.py", line 352, in <genexpr>
    return (self._set_referer(r, response) for r in result or ())
           ^^^^^^^^^^^^^^^^^^^^^^^^^^^^^^^^^^^^^^^^^^^^^^^^^^^^^^
  File "E:\software\python3\Lib\site-packages\scrapy\core\spidermw.py", line 106, in process_sync
    for r in iterable:
  File "E:\software\python3\Lib\site-packages\scrapy\spidermiddlewares\urllength.py", line 27, in <genexpr>
    return (r for r in result or () if self._filter(r, spider))
           ^^^^^^^^^^^^^^^^^^^^^^^^^^^^^^^^^^^^^^^^^^^^^^^^^^^^
  File "E:\software\python3\Lib\site-packages\scrapy\core\spidermw.py", line 106, in process_sync
    for r in iterable:
  File "E:\software\python3\Lib\site-packages\scrapy\spidermiddlewares\depth.py", line 31, in <genexpr>
    return (r for r in result or () if self._filter(r, response, spider))
           ^^^^^^^^^^^^^^^^^^^^^^^^^^^^^^^^^^^^^^^^^^^^^^^^^^^^^^^^^^^^^^
  File "E:\software\python3\Lib\site-packages\scrapy\core\spidermw.py", line 106, in process_sync
    for r in iterable:
  File "D:\python\securityHouse\securityHouse\spiders\security_house_request.py", line 131, in parse_detail_home
    print(content)
UnicodeEncodeError: 'gbk' codec can't encode character '\xa0' in position 52: illegal multibyte sequence
2024-04-15 20:41:58 [scrapy.core.engine] DEBUG: Crawled (200) <GET https://fgj.sh.gov.cn/gycqbzfgsgg/20230712/acf4dacf06c74b02b6243f60caaa793c.html> (referer: https://fgj.sh.gov.cn/gycqbzfgsgg/index_5.html)
2024-04-15 20:41:58 [scrapy.core.scraper] ERROR: Spider error processing <GET https://fgj.sh.gov.cn/gycqbzfgsgg/20230710/5f7a2735174641caa22b11bec021c0f9.html> (referer: https://fgj.sh.gov.cn/gycqbzfgsgg/index_5.html)
Traceback (most recent call last):
  File "E:\software\python3\Lib\site-packages\scrapy\utils\defer.py", line 279, in iter_errback
    yield next(it)
          ^^^^^^^^
  File "E:\software\python3\Lib\site-packages\scrapy\utils\python.py", line 350, in __next__
    return next(self.data)
           ^^^^^^^^^^^^^^^
  File "E:\software\python3\Lib\site-packages\scrapy\utils\python.py", line 350, in __next__
    return next(self.data)
           ^^^^^^^^^^^^^^^
  File "E:\software\python3\Lib\site-packages\scrapy\core\spidermw.py", line 106, in process_sync
    for r in iterable:
  File "E:\software\python3\Lib\site-packages\scrapy\spidermiddlewares\offsite.py", line 28, in <genexpr>
    return (r for r in result or () if self._filter(r, spider))
           ^^^^^^^^^^^^^^^^^^^^^^^^^^^^^^^^^^^^^^^^^^^^^^^^^^^^
  File "E:\software\python3\Lib\site-packages\scrapy\core\spidermw.py", line 106, in process_sync
    for r in iterable:
  File "E:\software\python3\Lib\site-packages\scrapy\spidermiddlewares\referer.py", line 352, in <genexpr>
    return (self._set_referer(r, response) for r in result or ())
           ^^^^^^^^^^^^^^^^^^^^^^^^^^^^^^^^^^^^^^^^^^^^^^^^^^^^^^
  File "E:\software\python3\Lib\site-packages\scrapy\core\spidermw.py", line 106, in process_sync
    for r in iterable:
  File "E:\software\python3\Lib\site-packages\scrapy\spidermiddlewares\urllength.py", line 27, in <genexpr>
    return (r for r in result or () if self._filter(r, spider))
           ^^^^^^^^^^^^^^^^^^^^^^^^^^^^^^^^^^^^^^^^^^^^^^^^^^^^
  File "E:\software\python3\Lib\site-packages\scrapy\core\spidermw.py", line 106, in process_sync
    for r in iterable:
  File "E:\software\python3\Lib\site-packages\scrapy\spidermiddlewares\depth.py", line 31, in <genexpr>
    return (r for r in result or () if self._filter(r, response, spider))
           ^^^^^^^^^^^^^^^^^^^^^^^^^^^^^^^^^^^^^^^^^^^^^^^^^^^^^^^^^^^^^^
  File "E:\software\python3\Lib\site-packages\scrapy\core\spidermw.py", line 106, in process_sync
    for r in iterable:
  File "D:\python\securityHouse\securityHouse\spiders\security_house_request.py", line 131, in parse_detail_home
    print(content)
UnicodeEncodeError: 'gbk' codec can't encode character '\xa0' in position 0: illegal multibyte sequence
2024-04-15 20:41:58 [scrapy.core.engine] DEBUG: Crawled (200) <GET https://fgj.sh.gov.cn/gycqbzfgsgg/20230712/88a9362f4a4c485c8727b8504fd7f7d2.html> (referer: https://fgj.sh.gov.cn/gycqbzfgsgg/index_5.html)
2024-04-15 20:41:58 [scrapy.core.scraper] ERROR: Spider error processing <GET https://fgj.sh.gov.cn/gycqbzfgsgg/20221208/21da0cbe1ae84bdcbd9b6ecd11e93193.html> (referer: https://fgj.sh.gov.cn/gycqbzfgsgg/index_9.html)
Traceback (most recent call last):
  File "E:\software\python3\Lib\site-packages\scrapy\utils\defer.py", line 279, in iter_errback
    yield next(it)
          ^^^^^^^^
  File "E:\software\python3\Lib\site-packages\scrapy\utils\python.py", line 350, in __next__
    return next(self.data)
           ^^^^^^^^^^^^^^^
  File "E:\software\python3\Lib\site-packages\scrapy\utils\python.py", line 350, in __next__
    return next(self.data)
           ^^^^^^^^^^^^^^^
  File "E:\software\python3\Lib\site-packages\scrapy\core\spidermw.py", line 106, in process_sync
    for r in iterable:
  File "E:\software\python3\Lib\site-packages\scrapy\spidermiddlewares\offsite.py", line 28, in <genexpr>
    return (r for r in result or () if self._filter(r, spider))
           ^^^^^^^^^^^^^^^^^^^^^^^^^^^^^^^^^^^^^^^^^^^^^^^^^^^^
  File "E:\software\python3\Lib\site-packages\scrapy\core\spidermw.py", line 106, in process_sync
    for r in iterable:
  File "E:\software\python3\Lib\site-packages\scrapy\spidermiddlewares\referer.py", line 352, in <genexpr>
    return (self._set_referer(r, response) for r in result or ())
           ^^^^^^^^^^^^^^^^^^^^^^^^^^^^^^^^^^^^^^^^^^^^^^^^^^^^^^
  File "E:\software\python3\Lib\site-packages\scrapy\core\spidermw.py", line 106, in process_sync
    for r in iterable:
  File "E:\software\python3\Lib\site-packages\scrapy\spidermiddlewares\urllength.py", line 27, in <genexpr>
    return (r for r in result or () if self._filter(r, spider))
           ^^^^^^^^^^^^^^^^^^^^^^^^^^^^^^^^^^^^^^^^^^^^^^^^^^^^
  File "E:\software\python3\Lib\site-packages\scrapy\core\spidermw.py", line 106, in process_sync
    for r in iterable:
  File "E:\software\python3\Lib\site-packages\scrapy\spidermiddlewares\depth.py", line 31, in <genexpr>
    return (r for r in result or () if self._filter(r, response, spider))
           ^^^^^^^^^^^^^^^^^^^^^^^^^^^^^^^^^^^^^^^^^^^^^^^^^^^^^^^^^^^^^^
  File "E:\software\python3\Lib\site-packages\scrapy\core\spidermw.py", line 106, in process_sync
    for r in iterable:
  File "D:\python\securityHouse\securityHouse\spiders\security_house_request.py", line 131, in parse_detail_home
    print(content)
UnicodeEncodeError: 'gbk' codec can't encode character '\xa0' in position 45: illegal multibyte sequence
2024-04-15 20:41:58 [scrapy.core.scraper] ERROR: Spider error processing <GET https://fgj.sh.gov.cn/gycqbzfgsgg/20230710/6a0114ece1e64407ba791e8ce11482cd.html> (referer: https://fgj.sh.gov.cn/gycqbzfgsgg/index_5.html)
Traceback (most recent call last):
  File "E:\software\python3\Lib\site-packages\scrapy\utils\defer.py", line 279, in iter_errback
    yield next(it)
          ^^^^^^^^
  File "E:\software\python3\Lib\site-packages\scrapy\utils\python.py", line 350, in __next__
    return next(self.data)
           ^^^^^^^^^^^^^^^
  File "E:\software\python3\Lib\site-packages\scrapy\utils\python.py", line 350, in __next__
    return next(self.data)
           ^^^^^^^^^^^^^^^
  File "E:\software\python3\Lib\site-packages\scrapy\core\spidermw.py", line 106, in process_sync
    for r in iterable:
  File "E:\software\python3\Lib\site-packages\scrapy\spidermiddlewares\offsite.py", line 28, in <genexpr>
    return (r for r in result or () if self._filter(r, spider))
           ^^^^^^^^^^^^^^^^^^^^^^^^^^^^^^^^^^^^^^^^^^^^^^^^^^^^
  File "E:\software\python3\Lib\site-packages\scrapy\core\spidermw.py", line 106, in process_sync
    for r in iterable:
  File "E:\software\python3\Lib\site-packages\scrapy\spidermiddlewares\referer.py", line 352, in <genexpr>
    return (self._set_referer(r, response) for r in result or ())
           ^^^^^^^^^^^^^^^^^^^^^^^^^^^^^^^^^^^^^^^^^^^^^^^^^^^^^^
  File "E:\software\python3\Lib\site-packages\scrapy\core\spidermw.py", line 106, in process_sync
    for r in iterable:
  File "E:\software\python3\Lib\site-packages\scrapy\spidermiddlewares\urllength.py", line 27, in <genexpr>
    return (r for r in result or () if self._filter(r, spider))
           ^^^^^^^^^^^^^^^^^^^^^^^^^^^^^^^^^^^^^^^^^^^^^^^^^^^^
  File "E:\software\python3\Lib\site-packages\scrapy\core\spidermw.py", line 106, in process_sync
    for r in iterable:
  File "E:\software\python3\Lib\site-packages\scrapy\spidermiddlewares\depth.py", line 31, in <genexpr>
    return (r for r in result or () if self._filter(r, response, spider))
           ^^^^^^^^^^^^^^^^^^^^^^^^^^^^^^^^^^^^^^^^^^^^^^^^^^^^^^^^^^^^^^
  File "E:\software\python3\Lib\site-packages\scrapy\core\spidermw.py", line 106, in process_sync
    for r in iterable:
  File "D:\python\securityHouse\securityHouse\spiders\security_house_request.py", line 131, in parse_detail_home
    print(content)
UnicodeEncodeError: 'gbk' codec can't encode character '\xa0' in position 0: illegal multibyte sequence
2024-04-15 20:41:58 [scrapy.core.engine] DEBUG: Crawled (200) <GET https://fgj.sh.gov.cn/gycqbzfgsgg/20230807/a7a15ad88a4245b39c0da26368b3eae0.html> (referer: https://fgj.sh.gov.cn/gycqbzfgsgg/index_3.html)
2024-04-15 20:41:58 [scrapy.core.engine] DEBUG: Crawled (200) <GET https://fgj.sh.gov.cn/gycqbzfgsgg/20230807/71d4e681c5274d6e84095ee442723214.html> (referer: https://fgj.sh.gov.cn/gycqbzfgsgg/index_3.html)
2024-04-15 20:41:58 [scrapy.core.scraper] ERROR: Spider error processing <GET https://fgj.sh.gov.cn/gycqbzfgsgg/20221108/5c591c83e5a349d4b703cf2ae0a9dd2b.html> (referer: https://fgj.sh.gov.cn/gycqbzfgsgg/index_10.html)
Traceback (most recent call last):
  File "E:\software\python3\Lib\site-packages\scrapy\utils\defer.py", line 279, in iter_errback
    yield next(it)
          ^^^^^^^^
  File "E:\software\python3\Lib\site-packages\scrapy\utils\python.py", line 350, in __next__
    return next(self.data)
           ^^^^^^^^^^^^^^^
  File "E:\software\python3\Lib\site-packages\scrapy\utils\python.py", line 350, in __next__
    return next(self.data)
           ^^^^^^^^^^^^^^^
  File "E:\software\python3\Lib\site-packages\scrapy\core\spidermw.py", line 106, in process_sync
    for r in iterable:
  File "E:\software\python3\Lib\site-packages\scrapy\spidermiddlewares\offsite.py", line 28, in <genexpr>
    return (r for r in result or () if self._filter(r, spider))
           ^^^^^^^^^^^^^^^^^^^^^^^^^^^^^^^^^^^^^^^^^^^^^^^^^^^^
  File "E:\software\python3\Lib\site-packages\scrapy\core\spidermw.py", line 106, in process_sync
    for r in iterable:
  File "E:\software\python3\Lib\site-packages\scrapy\spidermiddlewares\referer.py", line 352, in <genexpr>
    return (self._set_referer(r, response) for r in result or ())
           ^^^^^^^^^^^^^^^^^^^^^^^^^^^^^^^^^^^^^^^^^^^^^^^^^^^^^^
  File "E:\software\python3\Lib\site-packages\scrapy\core\spidermw.py", line 106, in process_sync
    for r in iterable:
  File "E:\software\python3\Lib\site-packages\scrapy\spidermiddlewares\urllength.py", line 27, in <genexpr>
    return (r for r in result or () if self._filter(r, spider))
           ^^^^^^^^^^^^^^^^^^^^^^^^^^^^^^^^^^^^^^^^^^^^^^^^^^^^
  File "E:\software\python3\Lib\site-packages\scrapy\core\spidermw.py", line 106, in process_sync
    for r in iterable:
  File "E:\software\python3\Lib\site-packages\scrapy\spidermiddlewares\depth.py", line 31, in <genexpr>
    return (r for r in result or () if self._filter(r, response, spider))
           ^^^^^^^^^^^^^^^^^^^^^^^^^^^^^^^^^^^^^^^^^^^^^^^^^^^^^^^^^^^^^^
  File "E:\software\python3\Lib\site-packages\scrapy\core\spidermw.py", line 106, in process_sync
    for r in iterable:
  File "D:\python\securityHouse\securityHouse\spiders\security_house_request.py", line 131, in parse_detail_home
    print(content)
UnicodeEncodeError: 'gbk' codec can't encode character '\xa0' in position 50: illegal multibyte sequence
2024-04-15 20:41:58 [scrapy.core.scraper] ERROR: Spider error processing <GET https://fgj.sh.gov.cn/gycqbzfgsgg/20221102/4c94ce19b242479189486d9d0e57c3a3.html> (referer: https://fgj.sh.gov.cn/gycqbzfgsgg/index_10.html)
Traceback (most recent call last):
  File "E:\software\python3\Lib\site-packages\scrapy\utils\defer.py", line 279, in iter_errback
    yield next(it)
          ^^^^^^^^
  File "E:\software\python3\Lib\site-packages\scrapy\utils\python.py", line 350, in __next__
    return next(self.data)
           ^^^^^^^^^^^^^^^
  File "E:\software\python3\Lib\site-packages\scrapy\utils\python.py", line 350, in __next__
    return next(self.data)
           ^^^^^^^^^^^^^^^
  File "E:\software\python3\Lib\site-packages\scrapy\core\spidermw.py", line 106, in process_sync
    for r in iterable:
  File "E:\software\python3\Lib\site-packages\scrapy\spidermiddlewares\offsite.py", line 28, in <genexpr>
    return (r for r in result or () if self._filter(r, spider))
           ^^^^^^^^^^^^^^^^^^^^^^^^^^^^^^^^^^^^^^^^^^^^^^^^^^^^
  File "E:\software\python3\Lib\site-packages\scrapy\core\spidermw.py", line 106, in process_sync
    for r in iterable:
  File "E:\software\python3\Lib\site-packages\scrapy\spidermiddlewares\referer.py", line 352, in <genexpr>
    return (self._set_referer(r, response) for r in result or ())
           ^^^^^^^^^^^^^^^^^^^^^^^^^^^^^^^^^^^^^^^^^^^^^^^^^^^^^^
  File "E:\software\python3\Lib\site-packages\scrapy\core\spidermw.py", line 106, in process_sync
    for r in iterable:
  File "E:\software\python3\Lib\site-packages\scrapy\spidermiddlewares\urllength.py", line 27, in <genexpr>
    return (r for r in result or () if self._filter(r, spider))
           ^^^^^^^^^^^^^^^^^^^^^^^^^^^^^^^^^^^^^^^^^^^^^^^^^^^^
  File "E:\software\python3\Lib\site-packages\scrapy\core\spidermw.py", line 106, in process_sync
    for r in iterable:
  File "E:\software\python3\Lib\site-packages\scrapy\spidermiddlewares\depth.py", line 31, in <genexpr>
    return (r for r in result or () if self._filter(r, response, spider))
           ^^^^^^^^^^^^^^^^^^^^^^^^^^^^^^^^^^^^^^^^^^^^^^^^^^^^^^^^^^^^^^
  File "E:\software\python3\Lib\site-packages\scrapy\core\spidermw.py", line 106, in process_sync
    for r in iterable:
  File "D:\python\securityHouse\securityHouse\spiders\security_house_request.py", line 131, in parse_detail_home
    print(content)
UnicodeEncodeError: 'gbk' codec can't encode character '\xa0' in position 51: illegal multibyte sequence
2024-04-15 20:41:58 [scrapy.core.engine] DEBUG: Crawled (200) <GET https://fgj.sh.gov.cn/gycqbzfgsgg/20230703/38b3c9050f6a426cb35dd892ee05440b.html> (referer: https://fgj.sh.gov.cn/gycqbzfgsgg/index_6.html)
2024-04-15 20:41:58 [scrapy.core.engine] DEBUG: Crawled (200) <GET https://fgj.sh.gov.cn/gycqbzfgsgg/20230706/45aee40866084d28aa89171ed47447c2.html> (referer: https://fgj.sh.gov.cn/gycqbzfgsgg/index_6.html)
2024-04-15 20:41:58 [scrapy.core.engine] DEBUG: Crawled (200) <GET https://fgj.sh.gov.cn/gycqbzfgsgg/20230706/2b38833e9db344369cd44a98beef49bd.html> (referer: https://fgj.sh.gov.cn/gycqbzfgsgg/index_6.html)
2024-04-15 20:41:58 [scrapy.core.engine] DEBUG: Crawled (200) <GET https://fgj.sh.gov.cn/gycqbzfgsgg/20230717/75c45b625e874c97917f58d4f9b26c51.html> (referer: https://fgj.sh.gov.cn/gycqbzfgsgg/index_4.html)
2024-04-15 20:41:58 [scrapy.core.engine] DEBUG: Crawled (200) <GET https://fgj.sh.gov.cn/gycqbzfgsgg/20230713/40999037107841ae9e0f317420c8dc7a.html> (referer: https://fgj.sh.gov.cn/gycqbzfgsgg/index_5.html)
2024-04-15 20:41:58 [scrapy.core.engine] DEBUG: Crawled (200) <GET https://fgj.sh.gov.cn/gycqbzfgsgg/20230713/ec7a672838ad429b9567938b7ecbb1c7.html> (referer: https://fgj.sh.gov.cn/gycqbzfgsgg/index_5.html)
2024-04-15 20:41:58 [scrapy.core.scraper] ERROR: Spider error processing <GET https://fgj.sh.gov.cn/gycqbzfgsgg/20230724/9c22e94eb2cd4de8896ccc89b7c31016.html> (referer: https://fgj.sh.gov.cn/gycqbzfgsgg/index_3.html)
Traceback (most recent call last):
  File "E:\software\python3\Lib\site-packages\scrapy\utils\defer.py", line 279, in iter_errback
    yield next(it)
          ^^^^^^^^
  File "E:\software\python3\Lib\site-packages\scrapy\utils\python.py", line 350, in __next__
    return next(self.data)
           ^^^^^^^^^^^^^^^
  File "E:\software\python3\Lib\site-packages\scrapy\utils\python.py", line 350, in __next__
    return next(self.data)
           ^^^^^^^^^^^^^^^
  File "E:\software\python3\Lib\site-packages\scrapy\core\spidermw.py", line 106, in process_sync
    for r in iterable:
  File "E:\software\python3\Lib\site-packages\scrapy\spidermiddlewares\offsite.py", line 28, in <genexpr>
    return (r for r in result or () if self._filter(r, spider))
           ^^^^^^^^^^^^^^^^^^^^^^^^^^^^^^^^^^^^^^^^^^^^^^^^^^^^
  File "E:\software\python3\Lib\site-packages\scrapy\core\spidermw.py", line 106, in process_sync
    for r in iterable:
  File "E:\software\python3\Lib\site-packages\scrapy\spidermiddlewares\referer.py", line 352, in <genexpr>
    return (self._set_referer(r, response) for r in result or ())
           ^^^^^^^^^^^^^^^^^^^^^^^^^^^^^^^^^^^^^^^^^^^^^^^^^^^^^^
  File "E:\software\python3\Lib\site-packages\scrapy\core\spidermw.py", line 106, in process_sync
    for r in iterable:
  File "E:\software\python3\Lib\site-packages\scrapy\spidermiddlewares\urllength.py", line 27, in <genexpr>
    return (r for r in result or () if self._filter(r, spider))
           ^^^^^^^^^^^^^^^^^^^^^^^^^^^^^^^^^^^^^^^^^^^^^^^^^^^^
  File "E:\software\python3\Lib\site-packages\scrapy\core\spidermw.py", line 106, in process_sync
    for r in iterable:
  File "E:\software\python3\Lib\site-packages\scrapy\spidermiddlewares\depth.py", line 31, in <genexpr>
    return (r for r in result or () if self._filter(r, response, spider))
           ^^^^^^^^^^^^^^^^^^^^^^^^^^^^^^^^^^^^^^^^^^^^^^^^^^^^^^^^^^^^^^
  File "E:\software\python3\Lib\site-packages\scrapy\core\spidermw.py", line 106, in process_sync
    for r in iterable:
  File "D:\python\securityHouse\securityHouse\spiders\security_house_request.py", line 131, in parse_detail_home
    print(content)
UnicodeEncodeError: 'gbk' codec can't encode character '\xa0' in position 45: illegal multibyte sequence
2024-04-15 20:41:58 [scrapy.core.scraper] ERROR: Spider error processing <GET https://fgj.sh.gov.cn/gycqbzfgsgg/20230724/3ee7c825c30641219a286cff22aa01c7.html> (referer: https://fgj.sh.gov.cn/gycqbzfgsgg/index_3.html)
Traceback (most recent call last):
  File "E:\software\python3\Lib\site-packages\scrapy\utils\defer.py", line 279, in iter_errback
    yield next(it)
          ^^^^^^^^
  File "E:\software\python3\Lib\site-packages\scrapy\utils\python.py", line 350, in __next__
    return next(self.data)
           ^^^^^^^^^^^^^^^
  File "E:\software\python3\Lib\site-packages\scrapy\utils\python.py", line 350, in __next__
    return next(self.data)
           ^^^^^^^^^^^^^^^
  File "E:\software\python3\Lib\site-packages\scrapy\core\spidermw.py", line 106, in process_sync
    for r in iterable:
  File "E:\software\python3\Lib\site-packages\scrapy\spidermiddlewares\offsite.py", line 28, in <genexpr>
    return (r for r in result or () if self._filter(r, spider))
           ^^^^^^^^^^^^^^^^^^^^^^^^^^^^^^^^^^^^^^^^^^^^^^^^^^^^
  File "E:\software\python3\Lib\site-packages\scrapy\core\spidermw.py", line 106, in process_sync
    for r in iterable:
  File "E:\software\python3\Lib\site-packages\scrapy\spidermiddlewares\referer.py", line 352, in <genexpr>
    return (self._set_referer(r, response) for r in result or ())
           ^^^^^^^^^^^^^^^^^^^^^^^^^^^^^^^^^^^^^^^^^^^^^^^^^^^^^^
  File "E:\software\python3\Lib\site-packages\scrapy\core\spidermw.py", line 106, in process_sync
    for r in iterable:
  File "E:\software\python3\Lib\site-packages\scrapy\spidermiddlewares\urllength.py", line 27, in <genexpr>
    return (r for r in result or () if self._filter(r, spider))
           ^^^^^^^^^^^^^^^^^^^^^^^^^^^^^^^^^^^^^^^^^^^^^^^^^^^^
  File "E:\software\python3\Lib\site-packages\scrapy\core\spidermw.py", line 106, in process_sync
    for r in iterable:
  File "E:\software\python3\Lib\site-packages\scrapy\spidermiddlewares\depth.py", line 31, in <genexpr>
    return (r for r in result or () if self._filter(r, response, spider))
           ^^^^^^^^^^^^^^^^^^^^^^^^^^^^^^^^^^^^^^^^^^^^^^^^^^^^^^^^^^^^^^
  File "E:\software\python3\Lib\site-packages\scrapy\core\spidermw.py", line 106, in process_sync
    for r in iterable:
  File "D:\python\securityHouse\securityHouse\spiders\security_house_request.py", line 131, in parse_detail_home
    print(content)
UnicodeEncodeError: 'gbk' codec can't encode character '\xa0' in position 42: illegal multibyte sequence
2024-04-15 20:41:58 [scrapy.core.scraper] ERROR: Spider error processing <GET https://fgj.sh.gov.cn/gycqbzfgsgg/20230612/6c6738481f634df69beb07f11b196b5b.html> (referer: https://fgj.sh.gov.cn/gycqbzfgsgg/index_8.html)
Traceback (most recent call last):
  File "E:\software\python3\Lib\site-packages\scrapy\utils\defer.py", line 279, in iter_errback
    yield next(it)
          ^^^^^^^^
  File "E:\software\python3\Lib\site-packages\scrapy\utils\python.py", line 350, in __next__
    return next(self.data)
           ^^^^^^^^^^^^^^^
  File "E:\software\python3\Lib\site-packages\scrapy\utils\python.py", line 350, in __next__
    return next(self.data)
           ^^^^^^^^^^^^^^^
  File "E:\software\python3\Lib\site-packages\scrapy\core\spidermw.py", line 106, in process_sync
    for r in iterable:
  File "E:\software\python3\Lib\site-packages\scrapy\spidermiddlewares\offsite.py", line 28, in <genexpr>
    return (r for r in result or () if self._filter(r, spider))
           ^^^^^^^^^^^^^^^^^^^^^^^^^^^^^^^^^^^^^^^^^^^^^^^^^^^^
  File "E:\software\python3\Lib\site-packages\scrapy\core\spidermw.py", line 106, in process_sync
    for r in iterable:
  File "E:\software\python3\Lib\site-packages\scrapy\spidermiddlewares\referer.py", line 352, in <genexpr>
    return (self._set_referer(r, response) for r in result or ())
           ^^^^^^^^^^^^^^^^^^^^^^^^^^^^^^^^^^^^^^^^^^^^^^^^^^^^^^
  File "E:\software\python3\Lib\site-packages\scrapy\core\spidermw.py", line 106, in process_sync
    for r in iterable:
  File "E:\software\python3\Lib\site-packages\scrapy\spidermiddlewares\urllength.py", line 27, in <genexpr>
    return (r for r in result or () if self._filter(r, spider))
           ^^^^^^^^^^^^^^^^^^^^^^^^^^^^^^^^^^^^^^^^^^^^^^^^^^^^
  File "E:\software\python3\Lib\site-packages\scrapy\core\spidermw.py", line 106, in process_sync
    for r in iterable:
  File "E:\software\python3\Lib\site-packages\scrapy\spidermiddlewares\depth.py", line 31, in <genexpr>
    return (r for r in result or () if self._filter(r, response, spider))
           ^^^^^^^^^^^^^^^^^^^^^^^^^^^^^^^^^^^^^^^^^^^^^^^^^^^^^^^^^^^^^^
  File "E:\software\python3\Lib\site-packages\scrapy\core\spidermw.py", line 106, in process_sync
    for r in iterable:
  File "D:\python\securityHouse\securityHouse\spiders\security_house_request.py", line 131, in parse_detail_home
    print(content)
UnicodeEncodeError: 'gbk' codec can't encode character '\xa0' in position 43: illegal multibyte sequence
2024-04-15 20:41:58 [scrapy.core.engine] DEBUG: Crawled (200) <GET https://fgj.sh.gov.cn/gycqbzfgsgg/20230717/b380a411f3784991bec0fb2588147d1f.html> (referer: https://fgj.sh.gov.cn/gycqbzfgsgg/index_4.html)
2024-04-15 20:41:58 [scrapy.core.scraper] DEBUG: Scraped from <200 https://fgj.sh.gov.cn/gycqbzfgsgg/20230802/b8f219b390de4802ae5b980955d34927.html>
{'area': '青浦',
 'link': 'https://fgj.sh.gov.cn/gycqbzfgsgg/20230802/b8f219b390de4802ae5b980955d34927.html',
 'max': '12',
 'one': 0,
 'three': 9,
 'title': '上海市青浦区第五批（2023年）非本市户籍居民家庭共有产权保障住房房源信息公示公告',
 'total': 20,
 'two': 11,
 'types': 'house',
 'years': '2023年'}
2024-04-15 20:41:58 [scrapy.core.scraper] DEBUG: Scraped from <200 https://fgj.sh.gov.cn/gycqbzfgsgg/20230802/f6526bea058b4cbb94a81897c7503217.html>
{'area': '青浦',
 'link': 'https://fgj.sh.gov.cn/gycqbzfgsgg/20230802/f6526bea058b4cbb94a81897c7503217.html',
 'max': '12',
 'one': 60,
 'three': 11,
 'title': '上海市青浦区第十一批（2023年）共有产权保障住房房源信息公示公告',
 'total': 122,
 'two': 51,
 'types': 'house',
 'years': '2023年'}
2024-04-15 20:41:58 [scrapy.core.scraper] ERROR: Spider error processing <GET https://fgj.sh.gov.cn/gycqbzfgsgg/20230802/4bc35a4ab0894d198e8dd39a2f01e3cd.html> (referer: https://fgj.sh.gov.cn/gycqbzfgsgg/index_3.html)
Traceback (most recent call last):
  File "E:\software\python3\Lib\site-packages\scrapy\utils\defer.py", line 279, in iter_errback
    yield next(it)
          ^^^^^^^^
  File "E:\software\python3\Lib\site-packages\scrapy\utils\python.py", line 350, in __next__
    return next(self.data)
           ^^^^^^^^^^^^^^^
  File "E:\software\python3\Lib\site-packages\scrapy\utils\python.py", line 350, in __next__
    return next(self.data)
           ^^^^^^^^^^^^^^^
  File "E:\software\python3\Lib\site-packages\scrapy\core\spidermw.py", line 106, in process_sync
    for r in iterable:
  File "E:\software\python3\Lib\site-packages\scrapy\spidermiddlewares\offsite.py", line 28, in <genexpr>
    return (r for r in result or () if self._filter(r, spider))
           ^^^^^^^^^^^^^^^^^^^^^^^^^^^^^^^^^^^^^^^^^^^^^^^^^^^^
  File "E:\software\python3\Lib\site-packages\scrapy\core\spidermw.py", line 106, in process_sync
    for r in iterable:
  File "E:\software\python3\Lib\site-packages\scrapy\spidermiddlewares\referer.py", line 352, in <genexpr>
    return (self._set_referer(r, response) for r in result or ())
           ^^^^^^^^^^^^^^^^^^^^^^^^^^^^^^^^^^^^^^^^^^^^^^^^^^^^^^
  File "E:\software\python3\Lib\site-packages\scrapy\core\spidermw.py", line 106, in process_sync
    for r in iterable:
  File "E:\software\python3\Lib\site-packages\scrapy\spidermiddlewares\urllength.py", line 27, in <genexpr>
    return (r for r in result or () if self._filter(r, spider))
           ^^^^^^^^^^^^^^^^^^^^^^^^^^^^^^^^^^^^^^^^^^^^^^^^^^^^
  File "E:\software\python3\Lib\site-packages\scrapy\core\spidermw.py", line 106, in process_sync
    for r in iterable:
  File "E:\software\python3\Lib\site-packages\scrapy\spidermiddlewares\depth.py", line 31, in <genexpr>
    return (r for r in result or () if self._filter(r, response, spider))
           ^^^^^^^^^^^^^^^^^^^^^^^^^^^^^^^^^^^^^^^^^^^^^^^^^^^^^^^^^^^^^^
  File "E:\software\python3\Lib\site-packages\scrapy\core\spidermw.py", line 106, in process_sync
    for r in iterable:
  File "D:\python\securityHouse\securityHouse\spiders\security_house_request.py", line 131, in parse_detail_home
    print(content)
UnicodeEncodeError: 'gbk' codec can't encode character '\xa0' in position 43: illegal multibyte sequence
2024-04-15 20:41:58 [scrapy.core.scraper] ERROR: Spider error processing <GET https://fgj.sh.gov.cn/gycqbzfgsgg/20230712/acf4dacf06c74b02b6243f60caaa793c.html> (referer: https://fgj.sh.gov.cn/gycqbzfgsgg/index_5.html)
Traceback (most recent call last):
  File "E:\software\python3\Lib\site-packages\scrapy\utils\defer.py", line 279, in iter_errback
    yield next(it)
          ^^^^^^^^
  File "E:\software\python3\Lib\site-packages\scrapy\utils\python.py", line 350, in __next__
    return next(self.data)
           ^^^^^^^^^^^^^^^
  File "E:\software\python3\Lib\site-packages\scrapy\utils\python.py", line 350, in __next__
    return next(self.data)
           ^^^^^^^^^^^^^^^
  File "E:\software\python3\Lib\site-packages\scrapy\core\spidermw.py", line 106, in process_sync
    for r in iterable:
  File "E:\software\python3\Lib\site-packages\scrapy\spidermiddlewares\offsite.py", line 28, in <genexpr>
    return (r for r in result or () if self._filter(r, spider))
           ^^^^^^^^^^^^^^^^^^^^^^^^^^^^^^^^^^^^^^^^^^^^^^^^^^^^
  File "E:\software\python3\Lib\site-packages\scrapy\core\spidermw.py", line 106, in process_sync
    for r in iterable:
  File "E:\software\python3\Lib\site-packages\scrapy\spidermiddlewares\referer.py", line 352, in <genexpr>
    return (self._set_referer(r, response) for r in result or ())
           ^^^^^^^^^^^^^^^^^^^^^^^^^^^^^^^^^^^^^^^^^^^^^^^^^^^^^^
  File "E:\software\python3\Lib\site-packages\scrapy\core\spidermw.py", line 106, in process_sync
    for r in iterable:
  File "E:\software\python3\Lib\site-packages\scrapy\spidermiddlewares\urllength.py", line 27, in <genexpr>
    return (r for r in result or () if self._filter(r, spider))
           ^^^^^^^^^^^^^^^^^^^^^^^^^^^^^^^^^^^^^^^^^^^^^^^^^^^^
  File "E:\software\python3\Lib\site-packages\scrapy\core\spidermw.py", line 106, in process_sync
    for r in iterable:
  File "E:\software\python3\Lib\site-packages\scrapy\spidermiddlewares\depth.py", line 31, in <genexpr>
    return (r for r in result or () if self._filter(r, response, spider))
           ^^^^^^^^^^^^^^^^^^^^^^^^^^^^^^^^^^^^^^^^^^^^^^^^^^^^^^^^^^^^^^
  File "E:\software\python3\Lib\site-packages\scrapy\core\spidermw.py", line 106, in process_sync
    for r in iterable:
  File "D:\python\securityHouse\securityHouse\spiders\security_house_request.py", line 131, in parse_detail_home
    print(content)
UnicodeEncodeError: 'gbk' codec can't encode character '\xa0' in position 42: illegal multibyte sequence
2024-04-15 20:41:58 [scrapy.core.engine] DEBUG: Crawled (200) <GET https://fgj.sh.gov.cn/gycqbzfgsgg/20230718/21c0e37bacb54be48b722cca16cee6f8.html> (referer: https://fgj.sh.gov.cn/gycqbzfgsgg/index_4.html)
2024-04-15 20:41:58 [scrapy.core.engine] DEBUG: Crawled (200) <GET https://fgj.sh.gov.cn/gycqbzfgsgg/20230718/3113d84756204a21a57faab86fb93c9a.html> (referer: https://fgj.sh.gov.cn/gycqbzfgsgg/index_4.html)
2024-04-15 20:41:58 [scrapy.core.scraper] ERROR: Spider error processing <GET https://fgj.sh.gov.cn/gycqbzfgsgg/20230712/88a9362f4a4c485c8727b8504fd7f7d2.html> (referer: https://fgj.sh.gov.cn/gycqbzfgsgg/index_5.html)
Traceback (most recent call last):
  File "E:\software\python3\Lib\site-packages\scrapy\utils\defer.py", line 279, in iter_errback
    yield next(it)
          ^^^^^^^^
  File "E:\software\python3\Lib\site-packages\scrapy\utils\python.py", line 350, in __next__
    return next(self.data)
           ^^^^^^^^^^^^^^^
  File "E:\software\python3\Lib\site-packages\scrapy\utils\python.py", line 350, in __next__
    return next(self.data)
           ^^^^^^^^^^^^^^^
  File "E:\software\python3\Lib\site-packages\scrapy\core\spidermw.py", line 106, in process_sync
    for r in iterable:
  File "E:\software\python3\Lib\site-packages\scrapy\spidermiddlewares\offsite.py", line 28, in <genexpr>
    return (r for r in result or () if self._filter(r, spider))
           ^^^^^^^^^^^^^^^^^^^^^^^^^^^^^^^^^^^^^^^^^^^^^^^^^^^^
  File "E:\software\python3\Lib\site-packages\scrapy\core\spidermw.py", line 106, in process_sync
    for r in iterable:
  File "E:\software\python3\Lib\site-packages\scrapy\spidermiddlewares\referer.py", line 352, in <genexpr>
    return (self._set_referer(r, response) for r in result or ())
           ^^^^^^^^^^^^^^^^^^^^^^^^^^^^^^^^^^^^^^^^^^^^^^^^^^^^^^
  File "E:\software\python3\Lib\site-packages\scrapy\core\spidermw.py", line 106, in process_sync
    for r in iterable:
  File "E:\software\python3\Lib\site-packages\scrapy\spidermiddlewares\urllength.py", line 27, in <genexpr>
    return (r for r in result or () if self._filter(r, spider))
           ^^^^^^^^^^^^^^^^^^^^^^^^^^^^^^^^^^^^^^^^^^^^^^^^^^^^
  File "E:\software\python3\Lib\site-packages\scrapy\core\spidermw.py", line 106, in process_sync
    for r in iterable:
  File "E:\software\python3\Lib\site-packages\scrapy\spidermiddlewares\depth.py", line 31, in <genexpr>
    return (r for r in result or () if self._filter(r, response, spider))
           ^^^^^^^^^^^^^^^^^^^^^^^^^^^^^^^^^^^^^^^^^^^^^^^^^^^^^^^^^^^^^^
  File "E:\software\python3\Lib\site-packages\scrapy\core\spidermw.py", line 106, in process_sync
    for r in iterable:
  File "D:\python\securityHouse\securityHouse\spiders\security_house_request.py", line 131, in parse_detail_home
    print(content)
UnicodeEncodeError: 'gbk' codec can't encode character '\xa0' in position 45: illegal multibyte sequence
2024-04-15 20:41:58 [scrapy.core.engine] DEBUG: Crawled (200) <GET https://fgj.sh.gov.cn/gycqbzfgsgg/20230718/c34c2ff9d09347dd87364ffe9b28461e.html> (referer: https://fgj.sh.gov.cn/gycqbzfgsgg/index_4.html)
2024-04-15 20:41:58 [scrapy.core.scraper] ERROR: Spider error processing <GET https://fgj.sh.gov.cn/gycqbzfgsgg/20230807/a7a15ad88a4245b39c0da26368b3eae0.html> (referer: https://fgj.sh.gov.cn/gycqbzfgsgg/index_3.html)
Traceback (most recent call last):
  File "E:\software\python3\Lib\site-packages\scrapy\utils\defer.py", line 279, in iter_errback
    yield next(it)
          ^^^^^^^^
  File "E:\software\python3\Lib\site-packages\scrapy\utils\python.py", line 350, in __next__
    return next(self.data)
           ^^^^^^^^^^^^^^^
  File "E:\software\python3\Lib\site-packages\scrapy\utils\python.py", line 350, in __next__
    return next(self.data)
           ^^^^^^^^^^^^^^^
  File "E:\software\python3\Lib\site-packages\scrapy\core\spidermw.py", line 106, in process_sync
    for r in iterable:
  File "E:\software\python3\Lib\site-packages\scrapy\spidermiddlewares\offsite.py", line 28, in <genexpr>
    return (r for r in result or () if self._filter(r, spider))
           ^^^^^^^^^^^^^^^^^^^^^^^^^^^^^^^^^^^^^^^^^^^^^^^^^^^^
  File "E:\software\python3\Lib\site-packages\scrapy\core\spidermw.py", line 106, in process_sync
    for r in iterable:
  File "E:\software\python3\Lib\site-packages\scrapy\spidermiddlewares\referer.py", line 352, in <genexpr>
    return (self._set_referer(r, response) for r in result or ())
           ^^^^^^^^^^^^^^^^^^^^^^^^^^^^^^^^^^^^^^^^^^^^^^^^^^^^^^
  File "E:\software\python3\Lib\site-packages\scrapy\core\spidermw.py", line 106, in process_sync
    for r in iterable:
  File "E:\software\python3\Lib\site-packages\scrapy\spidermiddlewares\urllength.py", line 27, in <genexpr>
    return (r for r in result or () if self._filter(r, spider))
           ^^^^^^^^^^^^^^^^^^^^^^^^^^^^^^^^^^^^^^^^^^^^^^^^^^^^
  File "E:\software\python3\Lib\site-packages\scrapy\core\spidermw.py", line 106, in process_sync
    for r in iterable:
  File "E:\software\python3\Lib\site-packages\scrapy\spidermiddlewares\depth.py", line 31, in <genexpr>
    return (r for r in result or () if self._filter(r, response, spider))
           ^^^^^^^^^^^^^^^^^^^^^^^^^^^^^^^^^^^^^^^^^^^^^^^^^^^^^^^^^^^^^^
  File "E:\software\python3\Lib\site-packages\scrapy\core\spidermw.py", line 106, in process_sync
    for r in iterable:
  File "D:\python\securityHouse\securityHouse\spiders\security_house_request.py", line 131, in parse_detail_home
    print(content)
UnicodeEncodeError: 'gbk' codec can't encode character '\xa0' in position 43: illegal multibyte sequence
2024-04-15 20:41:58 [scrapy.core.scraper] ERROR: Spider error processing <GET https://fgj.sh.gov.cn/gycqbzfgsgg/20230807/71d4e681c5274d6e84095ee442723214.html> (referer: https://fgj.sh.gov.cn/gycqbzfgsgg/index_3.html)
Traceback (most recent call last):
  File "E:\software\python3\Lib\site-packages\scrapy\utils\defer.py", line 279, in iter_errback
    yield next(it)
          ^^^^^^^^
  File "E:\software\python3\Lib\site-packages\scrapy\utils\python.py", line 350, in __next__
    return next(self.data)
           ^^^^^^^^^^^^^^^
  File "E:\software\python3\Lib\site-packages\scrapy\utils\python.py", line 350, in __next__
    return next(self.data)
           ^^^^^^^^^^^^^^^
  File "E:\software\python3\Lib\site-packages\scrapy\core\spidermw.py", line 106, in process_sync
    for r in iterable:
  File "E:\software\python3\Lib\site-packages\scrapy\spidermiddlewares\offsite.py", line 28, in <genexpr>
    return (r for r in result or () if self._filter(r, spider))
           ^^^^^^^^^^^^^^^^^^^^^^^^^^^^^^^^^^^^^^^^^^^^^^^^^^^^
  File "E:\software\python3\Lib\site-packages\scrapy\core\spidermw.py", line 106, in process_sync
    for r in iterable:
  File "E:\software\python3\Lib\site-packages\scrapy\spidermiddlewares\referer.py", line 352, in <genexpr>
    return (self._set_referer(r, response) for r in result or ())
           ^^^^^^^^^^^^^^^^^^^^^^^^^^^^^^^^^^^^^^^^^^^^^^^^^^^^^^
  File "E:\software\python3\Lib\site-packages\scrapy\core\spidermw.py", line 106, in process_sync
    for r in iterable:
  File "E:\software\python3\Lib\site-packages\scrapy\spidermiddlewares\urllength.py", line 27, in <genexpr>
    return (r for r in result or () if self._filter(r, spider))
           ^^^^^^^^^^^^^^^^^^^^^^^^^^^^^^^^^^^^^^^^^^^^^^^^^^^^
  File "E:\software\python3\Lib\site-packages\scrapy\core\spidermw.py", line 106, in process_sync
    for r in iterable:
  File "E:\software\python3\Lib\site-packages\scrapy\spidermiddlewares\depth.py", line 31, in <genexpr>
    return (r for r in result or () if self._filter(r, response, spider))
           ^^^^^^^^^^^^^^^^^^^^^^^^^^^^^^^^^^^^^^^^^^^^^^^^^^^^^^^^^^^^^^
  File "E:\software\python3\Lib\site-packages\scrapy\core\spidermw.py", line 106, in process_sync
    for r in iterable:
  File "D:\python\securityHouse\securityHouse\spiders\security_house_request.py", line 131, in parse_detail_home
    print(content)
UnicodeEncodeError: 'gbk' codec can't encode character '\xa0' in position 55: illegal multibyte sequence
2024-04-15 20:41:58 [scrapy.core.engine] DEBUG: Crawled (200) <GET https://fgj.sh.gov.cn/gycqbzfgsgg/20230718/bd0b39fedb064fb2a8ab8b8863280465.html> (referer: https://fgj.sh.gov.cn/gycqbzfgsgg/index_4.html)
2024-04-15 20:41:58 [scrapy.core.scraper] ERROR: Spider error processing <GET https://fgj.sh.gov.cn/gycqbzfgsgg/20230703/38b3c9050f6a426cb35dd892ee05440b.html> (referer: https://fgj.sh.gov.cn/gycqbzfgsgg/index_6.html)
Traceback (most recent call last):
  File "E:\software\python3\Lib\site-packages\scrapy\utils\defer.py", line 279, in iter_errback
    yield next(it)
          ^^^^^^^^
  File "E:\software\python3\Lib\site-packages\scrapy\utils\python.py", line 350, in __next__
    return next(self.data)
           ^^^^^^^^^^^^^^^
  File "E:\software\python3\Lib\site-packages\scrapy\utils\python.py", line 350, in __next__
    return next(self.data)
           ^^^^^^^^^^^^^^^
  File "E:\software\python3\Lib\site-packages\scrapy\core\spidermw.py", line 106, in process_sync
    for r in iterable:
  File "E:\software\python3\Lib\site-packages\scrapy\spidermiddlewares\offsite.py", line 28, in <genexpr>
    return (r for r in result or () if self._filter(r, spider))
           ^^^^^^^^^^^^^^^^^^^^^^^^^^^^^^^^^^^^^^^^^^^^^^^^^^^^
  File "E:\software\python3\Lib\site-packages\scrapy\core\spidermw.py", line 106, in process_sync
    for r in iterable:
  File "E:\software\python3\Lib\site-packages\scrapy\spidermiddlewares\referer.py", line 352, in <genexpr>
    return (self._set_referer(r, response) for r in result or ())
           ^^^^^^^^^^^^^^^^^^^^^^^^^^^^^^^^^^^^^^^^^^^^^^^^^^^^^^
  File "E:\software\python3\Lib\site-packages\scrapy\core\spidermw.py", line 106, in process_sync
    for r in iterable:
  File "E:\software\python3\Lib\site-packages\scrapy\spidermiddlewares\urllength.py", line 27, in <genexpr>
    return (r for r in result or () if self._filter(r, spider))
           ^^^^^^^^^^^^^^^^^^^^^^^^^^^^^^^^^^^^^^^^^^^^^^^^^^^^
  File "E:\software\python3\Lib\site-packages\scrapy\core\spidermw.py", line 106, in process_sync
    for r in iterable:
  File "E:\software\python3\Lib\site-packages\scrapy\spidermiddlewares\depth.py", line 31, in <genexpr>
    return (r for r in result or () if self._filter(r, response, spider))
           ^^^^^^^^^^^^^^^^^^^^^^^^^^^^^^^^^^^^^^^^^^^^^^^^^^^^^^^^^^^^^^
  File "E:\software\python3\Lib\site-packages\scrapy\core\spidermw.py", line 106, in process_sync
    for r in iterable:
  File "D:\python\securityHouse\securityHouse\spiders\security_house_request.py", line 131, in parse_detail_home
    print(content)
UnicodeEncodeError: 'gbk' codec can't encode character '\xa0' in position 41: illegal multibyte sequence
2024-04-15 20:41:58 [scrapy.core.scraper] ERROR: Spider error processing <GET https://fgj.sh.gov.cn/gycqbzfgsgg/20230706/45aee40866084d28aa89171ed47447c2.html> (referer: https://fgj.sh.gov.cn/gycqbzfgsgg/index_6.html)
Traceback (most recent call last):
  File "E:\software\python3\Lib\site-packages\scrapy\utils\defer.py", line 279, in iter_errback
    yield next(it)
          ^^^^^^^^
  File "E:\software\python3\Lib\site-packages\scrapy\utils\python.py", line 350, in __next__
    return next(self.data)
           ^^^^^^^^^^^^^^^
  File "E:\software\python3\Lib\site-packages\scrapy\utils\python.py", line 350, in __next__
    return next(self.data)
           ^^^^^^^^^^^^^^^
  File "E:\software\python3\Lib\site-packages\scrapy\core\spidermw.py", line 106, in process_sync
    for r in iterable:
  File "E:\software\python3\Lib\site-packages\scrapy\spidermiddlewares\offsite.py", line 28, in <genexpr>
    return (r for r in result or () if self._filter(r, spider))
           ^^^^^^^^^^^^^^^^^^^^^^^^^^^^^^^^^^^^^^^^^^^^^^^^^^^^
  File "E:\software\python3\Lib\site-packages\scrapy\core\spidermw.py", line 106, in process_sync
    for r in iterable:
  File "E:\software\python3\Lib\site-packages\scrapy\spidermiddlewares\referer.py", line 352, in <genexpr>
    return (self._set_referer(r, response) for r in result or ())
           ^^^^^^^^^^^^^^^^^^^^^^^^^^^^^^^^^^^^^^^^^^^^^^^^^^^^^^
  File "E:\software\python3\Lib\site-packages\scrapy\core\spidermw.py", line 106, in process_sync
    for r in iterable:
  File "E:\software\python3\Lib\site-packages\scrapy\spidermiddlewares\urllength.py", line 27, in <genexpr>
    return (r for r in result or () if self._filter(r, spider))
           ^^^^^^^^^^^^^^^^^^^^^^^^^^^^^^^^^^^^^^^^^^^^^^^^^^^^
  File "E:\software\python3\Lib\site-packages\scrapy\core\spidermw.py", line 106, in process_sync
    for r in iterable:
  File "E:\software\python3\Lib\site-packages\scrapy\spidermiddlewares\depth.py", line 31, in <genexpr>
    return (r for r in result or () if self._filter(r, response, spider))
           ^^^^^^^^^^^^^^^^^^^^^^^^^^^^^^^^^^^^^^^^^^^^^^^^^^^^^^^^^^^^^^
  File "E:\software\python3\Lib\site-packages\scrapy\core\spidermw.py", line 106, in process_sync
    for r in iterable:
  File "D:\python\securityHouse\securityHouse\spiders\security_house_request.py", line 131, in parse_detail_home
    print(content)
UnicodeEncodeError: 'gbk' codec can't encode character '\xa0' in position 0: illegal multibyte sequence
2024-04-15 20:41:58 [scrapy.core.scraper] ERROR: Spider error processing <GET https://fgj.sh.gov.cn/gycqbzfgsgg/20230706/2b38833e9db344369cd44a98beef49bd.html> (referer: https://fgj.sh.gov.cn/gycqbzfgsgg/index_6.html)
Traceback (most recent call last):
  File "E:\software\python3\Lib\site-packages\scrapy\utils\defer.py", line 279, in iter_errback
    yield next(it)
          ^^^^^^^^
  File "E:\software\python3\Lib\site-packages\scrapy\utils\python.py", line 350, in __next__
    return next(self.data)
           ^^^^^^^^^^^^^^^
  File "E:\software\python3\Lib\site-packages\scrapy\utils\python.py", line 350, in __next__
    return next(self.data)
           ^^^^^^^^^^^^^^^
  File "E:\software\python3\Lib\site-packages\scrapy\core\spidermw.py", line 106, in process_sync
    for r in iterable:
  File "E:\software\python3\Lib\site-packages\scrapy\spidermiddlewares\offsite.py", line 28, in <genexpr>
    return (r for r in result or () if self._filter(r, spider))
           ^^^^^^^^^^^^^^^^^^^^^^^^^^^^^^^^^^^^^^^^^^^^^^^^^^^^
  File "E:\software\python3\Lib\site-packages\scrapy\core\spidermw.py", line 106, in process_sync
    for r in iterable:
  File "E:\software\python3\Lib\site-packages\scrapy\spidermiddlewares\referer.py", line 352, in <genexpr>
    return (self._set_referer(r, response) for r in result or ())
           ^^^^^^^^^^^^^^^^^^^^^^^^^^^^^^^^^^^^^^^^^^^^^^^^^^^^^^
  File "E:\software\python3\Lib\site-packages\scrapy\core\spidermw.py", line 106, in process_sync
    for r in iterable:
  File "E:\software\python3\Lib\site-packages\scrapy\spidermiddlewares\urllength.py", line 27, in <genexpr>
    return (r for r in result or () if self._filter(r, spider))
           ^^^^^^^^^^^^^^^^^^^^^^^^^^^^^^^^^^^^^^^^^^^^^^^^^^^^
  File "E:\software\python3\Lib\site-packages\scrapy\core\spidermw.py", line 106, in process_sync
    for r in iterable:
  File "E:\software\python3\Lib\site-packages\scrapy\spidermiddlewares\depth.py", line 31, in <genexpr>
    return (r for r in result or () if self._filter(r, response, spider))
           ^^^^^^^^^^^^^^^^^^^^^^^^^^^^^^^^^^^^^^^^^^^^^^^^^^^^^^^^^^^^^^
  File "E:\software\python3\Lib\site-packages\scrapy\core\spidermw.py", line 106, in process_sync
    for r in iterable:
  File "D:\python\securityHouse\securityHouse\spiders\security_house_request.py", line 131, in parse_detail_home
    print(content)
UnicodeEncodeError: 'gbk' codec can't encode character '\xa0' in position 0: illegal multibyte sequence
2024-04-15 20:41:58 [scrapy.core.scraper] ERROR: Spider error processing <GET https://fgj.sh.gov.cn/gycqbzfgsgg/20230717/75c45b625e874c97917f58d4f9b26c51.html> (referer: https://fgj.sh.gov.cn/gycqbzfgsgg/index_4.html)
Traceback (most recent call last):
  File "E:\software\python3\Lib\site-packages\scrapy\utils\defer.py", line 279, in iter_errback
    yield next(it)
          ^^^^^^^^
  File "E:\software\python3\Lib\site-packages\scrapy\utils\python.py", line 350, in __next__
    return next(self.data)
           ^^^^^^^^^^^^^^^
  File "E:\software\python3\Lib\site-packages\scrapy\utils\python.py", line 350, in __next__
    return next(self.data)
           ^^^^^^^^^^^^^^^
  File "E:\software\python3\Lib\site-packages\scrapy\core\spidermw.py", line 106, in process_sync
    for r in iterable:
  File "E:\software\python3\Lib\site-packages\scrapy\spidermiddlewares\offsite.py", line 28, in <genexpr>
    return (r for r in result or () if self._filter(r, spider))
           ^^^^^^^^^^^^^^^^^^^^^^^^^^^^^^^^^^^^^^^^^^^^^^^^^^^^
  File "E:\software\python3\Lib\site-packages\scrapy\core\spidermw.py", line 106, in process_sync
    for r in iterable:
  File "E:\software\python3\Lib\site-packages\scrapy\spidermiddlewares\referer.py", line 352, in <genexpr>
    return (self._set_referer(r, response) for r in result or ())
           ^^^^^^^^^^^^^^^^^^^^^^^^^^^^^^^^^^^^^^^^^^^^^^^^^^^^^^
  File "E:\software\python3\Lib\site-packages\scrapy\core\spidermw.py", line 106, in process_sync
    for r in iterable:
  File "E:\software\python3\Lib\site-packages\scrapy\spidermiddlewares\urllength.py", line 27, in <genexpr>
    return (r for r in result or () if self._filter(r, spider))
           ^^^^^^^^^^^^^^^^^^^^^^^^^^^^^^^^^^^^^^^^^^^^^^^^^^^^
  File "E:\software\python3\Lib\site-packages\scrapy\core\spidermw.py", line 106, in process_sync
    for r in iterable:
  File "E:\software\python3\Lib\site-packages\scrapy\spidermiddlewares\depth.py", line 31, in <genexpr>
    return (r for r in result or () if self._filter(r, response, spider))
           ^^^^^^^^^^^^^^^^^^^^^^^^^^^^^^^^^^^^^^^^^^^^^^^^^^^^^^^^^^^^^^
  File "E:\software\python3\Lib\site-packages\scrapy\core\spidermw.py", line 106, in process_sync
    for r in iterable:
  File "D:\python\securityHouse\securityHouse\spiders\security_house_request.py", line 131, in parse_detail_home
    print(content)
UnicodeEncodeError: 'gbk' codec can't encode character '\xa0' in position 48: illegal multibyte sequence
2024-04-15 20:41:58 [scrapy.core.scraper] ERROR: Spider error processing <GET https://fgj.sh.gov.cn/gycqbzfgsgg/20230713/40999037107841ae9e0f317420c8dc7a.html> (referer: https://fgj.sh.gov.cn/gycqbzfgsgg/index_5.html)
Traceback (most recent call last):
  File "E:\software\python3\Lib\site-packages\scrapy\utils\defer.py", line 279, in iter_errback
    yield next(it)
          ^^^^^^^^
  File "E:\software\python3\Lib\site-packages\scrapy\utils\python.py", line 350, in __next__
    return next(self.data)
           ^^^^^^^^^^^^^^^
  File "E:\software\python3\Lib\site-packages\scrapy\utils\python.py", line 350, in __next__
    return next(self.data)
           ^^^^^^^^^^^^^^^
  File "E:\software\python3\Lib\site-packages\scrapy\core\spidermw.py", line 106, in process_sync
    for r in iterable:
  File "E:\software\python3\Lib\site-packages\scrapy\spidermiddlewares\offsite.py", line 28, in <genexpr>
    return (r for r in result or () if self._filter(r, spider))
           ^^^^^^^^^^^^^^^^^^^^^^^^^^^^^^^^^^^^^^^^^^^^^^^^^^^^
  File "E:\software\python3\Lib\site-packages\scrapy\core\spidermw.py", line 106, in process_sync
    for r in iterable:
  File "E:\software\python3\Lib\site-packages\scrapy\spidermiddlewares\referer.py", line 352, in <genexpr>
    return (self._set_referer(r, response) for r in result or ())
           ^^^^^^^^^^^^^^^^^^^^^^^^^^^^^^^^^^^^^^^^^^^^^^^^^^^^^^
  File "E:\software\python3\Lib\site-packages\scrapy\core\spidermw.py", line 106, in process_sync
    for r in iterable:
  File "E:\software\python3\Lib\site-packages\scrapy\spidermiddlewares\urllength.py", line 27, in <genexpr>
    return (r for r in result or () if self._filter(r, spider))
           ^^^^^^^^^^^^^^^^^^^^^^^^^^^^^^^^^^^^^^^^^^^^^^^^^^^^
  File "E:\software\python3\Lib\site-packages\scrapy\core\spidermw.py", line 106, in process_sync
    for r in iterable:
  File "E:\software\python3\Lib\site-packages\scrapy\spidermiddlewares\depth.py", line 31, in <genexpr>
    return (r for r in result or () if self._filter(r, response, spider))
           ^^^^^^^^^^^^^^^^^^^^^^^^^^^^^^^^^^^^^^^^^^^^^^^^^^^^^^^^^^^^^^
  File "E:\software\python3\Lib\site-packages\scrapy\core\spidermw.py", line 106, in process_sync
    for r in iterable:
  File "D:\python\securityHouse\securityHouse\spiders\security_house_request.py", line 131, in parse_detail_home
    print(content)
UnicodeEncodeError: 'gbk' codec can't encode character '\xa0' in position 42: illegal multibyte sequence
2024-04-15 20:41:58 [scrapy.core.scraper] ERROR: Spider error processing <GET https://fgj.sh.gov.cn/gycqbzfgsgg/20230713/ec7a672838ad429b9567938b7ecbb1c7.html> (referer: https://fgj.sh.gov.cn/gycqbzfgsgg/index_5.html)
Traceback (most recent call last):
  File "E:\software\python3\Lib\site-packages\scrapy\utils\defer.py", line 279, in iter_errback
    yield next(it)
          ^^^^^^^^
  File "E:\software\python3\Lib\site-packages\scrapy\utils\python.py", line 350, in __next__
    return next(self.data)
           ^^^^^^^^^^^^^^^
  File "E:\software\python3\Lib\site-packages\scrapy\utils\python.py", line 350, in __next__
    return next(self.data)
           ^^^^^^^^^^^^^^^
  File "E:\software\python3\Lib\site-packages\scrapy\core\spidermw.py", line 106, in process_sync
    for r in iterable:
  File "E:\software\python3\Lib\site-packages\scrapy\spidermiddlewares\offsite.py", line 28, in <genexpr>
    return (r for r in result or () if self._filter(r, spider))
           ^^^^^^^^^^^^^^^^^^^^^^^^^^^^^^^^^^^^^^^^^^^^^^^^^^^^
  File "E:\software\python3\Lib\site-packages\scrapy\core\spidermw.py", line 106, in process_sync
    for r in iterable:
  File "E:\software\python3\Lib\site-packages\scrapy\spidermiddlewares\referer.py", line 352, in <genexpr>
    return (self._set_referer(r, response) for r in result or ())
           ^^^^^^^^^^^^^^^^^^^^^^^^^^^^^^^^^^^^^^^^^^^^^^^^^^^^^^
  File "E:\software\python3\Lib\site-packages\scrapy\core\spidermw.py", line 106, in process_sync
    for r in iterable:
  File "E:\software\python3\Lib\site-packages\scrapy\spidermiddlewares\urllength.py", line 27, in <genexpr>
    return (r for r in result or () if self._filter(r, spider))
           ^^^^^^^^^^^^^^^^^^^^^^^^^^^^^^^^^^^^^^^^^^^^^^^^^^^^
  File "E:\software\python3\Lib\site-packages\scrapy\core\spidermw.py", line 106, in process_sync
    for r in iterable:
  File "E:\software\python3\Lib\site-packages\scrapy\spidermiddlewares\depth.py", line 31, in <genexpr>
    return (r for r in result or () if self._filter(r, response, spider))
           ^^^^^^^^^^^^^^^^^^^^^^^^^^^^^^^^^^^^^^^^^^^^^^^^^^^^^^^^^^^^^^
  File "E:\software\python3\Lib\site-packages\scrapy\core\spidermw.py", line 106, in process_sync
    for r in iterable:
  File "D:\python\securityHouse\securityHouse\spiders\security_house_request.py", line 131, in parse_detail_home
    print(content)
UnicodeEncodeError: 'gbk' codec can't encode character '\xa0' in position 0: illegal multibyte sequence
2024-04-15 20:41:58 [scrapy.core.scraper] ERROR: Spider error processing <GET https://fgj.sh.gov.cn/gycqbzfgsgg/20230717/b380a411f3784991bec0fb2588147d1f.html> (referer: https://fgj.sh.gov.cn/gycqbzfgsgg/index_4.html)
Traceback (most recent call last):
  File "E:\software\python3\Lib\site-packages\scrapy\utils\defer.py", line 279, in iter_errback
    yield next(it)
          ^^^^^^^^
  File "E:\software\python3\Lib\site-packages\scrapy\utils\python.py", line 350, in __next__
    return next(self.data)
           ^^^^^^^^^^^^^^^
  File "E:\software\python3\Lib\site-packages\scrapy\utils\python.py", line 350, in __next__
    return next(self.data)
           ^^^^^^^^^^^^^^^
  File "E:\software\python3\Lib\site-packages\scrapy\core\spidermw.py", line 106, in process_sync
    for r in iterable:
  File "E:\software\python3\Lib\site-packages\scrapy\spidermiddlewares\offsite.py", line 28, in <genexpr>
    return (r for r in result or () if self._filter(r, spider))
           ^^^^^^^^^^^^^^^^^^^^^^^^^^^^^^^^^^^^^^^^^^^^^^^^^^^^
  File "E:\software\python3\Lib\site-packages\scrapy\core\spidermw.py", line 106, in process_sync
    for r in iterable:
  File "E:\software\python3\Lib\site-packages\scrapy\spidermiddlewares\referer.py", line 352, in <genexpr>
    return (self._set_referer(r, response) for r in result or ())
           ^^^^^^^^^^^^^^^^^^^^^^^^^^^^^^^^^^^^^^^^^^^^^^^^^^^^^^
  File "E:\software\python3\Lib\site-packages\scrapy\core\spidermw.py", line 106, in process_sync
    for r in iterable:
  File "E:\software\python3\Lib\site-packages\scrapy\spidermiddlewares\urllength.py", line 27, in <genexpr>
    return (r for r in result or () if self._filter(r, spider))
           ^^^^^^^^^^^^^^^^^^^^^^^^^^^^^^^^^^^^^^^^^^^^^^^^^^^^
  File "E:\software\python3\Lib\site-packages\scrapy\core\spidermw.py", line 106, in process_sync
    for r in iterable:
  File "E:\software\python3\Lib\site-packages\scrapy\spidermiddlewares\depth.py", line 31, in <genexpr>
    return (r for r in result or () if self._filter(r, response, spider))
           ^^^^^^^^^^^^^^^^^^^^^^^^^^^^^^^^^^^^^^^^^^^^^^^^^^^^^^^^^^^^^^
  File "E:\software\python3\Lib\site-packages\scrapy\core\spidermw.py", line 106, in process_sync
    for r in iterable:
  File "D:\python\securityHouse\securityHouse\spiders\security_house_request.py", line 131, in parse_detail_home
    print(content)
UnicodeEncodeError: 'gbk' codec can't encode character '\xa0' in position 50: illegal multibyte sequence
2024-04-15 20:41:58 [scrapy.core.scraper] ERROR: Spider error processing <GET https://fgj.sh.gov.cn/gycqbzfgsgg/20230718/21c0e37bacb54be48b722cca16cee6f8.html> (referer: https://fgj.sh.gov.cn/gycqbzfgsgg/index_4.html)
Traceback (most recent call last):
  File "E:\software\python3\Lib\site-packages\scrapy\utils\defer.py", line 279, in iter_errback
    yield next(it)
          ^^^^^^^^
  File "E:\software\python3\Lib\site-packages\scrapy\utils\python.py", line 350, in __next__
    return next(self.data)
           ^^^^^^^^^^^^^^^
  File "E:\software\python3\Lib\site-packages\scrapy\utils\python.py", line 350, in __next__
    return next(self.data)
           ^^^^^^^^^^^^^^^
  File "E:\software\python3\Lib\site-packages\scrapy\core\spidermw.py", line 106, in process_sync
    for r in iterable:
  File "E:\software\python3\Lib\site-packages\scrapy\spidermiddlewares\offsite.py", line 28, in <genexpr>
    return (r for r in result or () if self._filter(r, spider))
           ^^^^^^^^^^^^^^^^^^^^^^^^^^^^^^^^^^^^^^^^^^^^^^^^^^^^
  File "E:\software\python3\Lib\site-packages\scrapy\core\spidermw.py", line 106, in process_sync
    for r in iterable:
  File "E:\software\python3\Lib\site-packages\scrapy\spidermiddlewares\referer.py", line 352, in <genexpr>
    return (self._set_referer(r, response) for r in result or ())
           ^^^^^^^^^^^^^^^^^^^^^^^^^^^^^^^^^^^^^^^^^^^^^^^^^^^^^^
  File "E:\software\python3\Lib\site-packages\scrapy\core\spidermw.py", line 106, in process_sync
    for r in iterable:
  File "E:\software\python3\Lib\site-packages\scrapy\spidermiddlewares\urllength.py", line 27, in <genexpr>
    return (r for r in result or () if self._filter(r, spider))
           ^^^^^^^^^^^^^^^^^^^^^^^^^^^^^^^^^^^^^^^^^^^^^^^^^^^^
  File "E:\software\python3\Lib\site-packages\scrapy\core\spidermw.py", line 106, in process_sync
    for r in iterable:
  File "E:\software\python3\Lib\site-packages\scrapy\spidermiddlewares\depth.py", line 31, in <genexpr>
    return (r for r in result or () if self._filter(r, response, spider))
           ^^^^^^^^^^^^^^^^^^^^^^^^^^^^^^^^^^^^^^^^^^^^^^^^^^^^^^^^^^^^^^
  File "E:\software\python3\Lib\site-packages\scrapy\core\spidermw.py", line 106, in process_sync
    for r in iterable:
  File "D:\python\securityHouse\securityHouse\spiders\security_house_request.py", line 131, in parse_detail_home
    print(content)
UnicodeEncodeError: 'gbk' codec can't encode character '\xa0' in position 44: illegal multibyte sequence
2024-04-15 20:41:58 [scrapy.core.scraper] ERROR: Spider error processing <GET https://fgj.sh.gov.cn/gycqbzfgsgg/20230718/3113d84756204a21a57faab86fb93c9a.html> (referer: https://fgj.sh.gov.cn/gycqbzfgsgg/index_4.html)
Traceback (most recent call last):
  File "E:\software\python3\Lib\site-packages\scrapy\utils\defer.py", line 279, in iter_errback
    yield next(it)
          ^^^^^^^^
  File "E:\software\python3\Lib\site-packages\scrapy\utils\python.py", line 350, in __next__
    return next(self.data)
           ^^^^^^^^^^^^^^^
  File "E:\software\python3\Lib\site-packages\scrapy\utils\python.py", line 350, in __next__
    return next(self.data)
           ^^^^^^^^^^^^^^^
  File "E:\software\python3\Lib\site-packages\scrapy\core\spidermw.py", line 106, in process_sync
    for r in iterable:
  File "E:\software\python3\Lib\site-packages\scrapy\spidermiddlewares\offsite.py", line 28, in <genexpr>
    return (r for r in result or () if self._filter(r, spider))
           ^^^^^^^^^^^^^^^^^^^^^^^^^^^^^^^^^^^^^^^^^^^^^^^^^^^^
  File "E:\software\python3\Lib\site-packages\scrapy\core\spidermw.py", line 106, in process_sync
    for r in iterable:
  File "E:\software\python3\Lib\site-packages\scrapy\spidermiddlewares\referer.py", line 352, in <genexpr>
    return (self._set_referer(r, response) for r in result or ())
           ^^^^^^^^^^^^^^^^^^^^^^^^^^^^^^^^^^^^^^^^^^^^^^^^^^^^^^
  File "E:\software\python3\Lib\site-packages\scrapy\core\spidermw.py", line 106, in process_sync
    for r in iterable:
  File "E:\software\python3\Lib\site-packages\scrapy\spidermiddlewares\urllength.py", line 27, in <genexpr>
    return (r for r in result or () if self._filter(r, spider))
           ^^^^^^^^^^^^^^^^^^^^^^^^^^^^^^^^^^^^^^^^^^^^^^^^^^^^
  File "E:\software\python3\Lib\site-packages\scrapy\core\spidermw.py", line 106, in process_sync
    for r in iterable:
  File "E:\software\python3\Lib\site-packages\scrapy\spidermiddlewares\depth.py", line 31, in <genexpr>
    return (r for r in result or () if self._filter(r, response, spider))
           ^^^^^^^^^^^^^^^^^^^^^^^^^^^^^^^^^^^^^^^^^^^^^^^^^^^^^^^^^^^^^^
  File "E:\software\python3\Lib\site-packages\scrapy\core\spidermw.py", line 106, in process_sync
    for r in iterable:
  File "D:\python\securityHouse\securityHouse\spiders\security_house_request.py", line 131, in parse_detail_home
    print(content)
UnicodeEncodeError: 'gbk' codec can't encode character '\xa0' in position 36: illegal multibyte sequence
2024-04-15 20:41:58 [scrapy.core.scraper] ERROR: Spider error processing <GET https://fgj.sh.gov.cn/gycqbzfgsgg/20230718/c34c2ff9d09347dd87364ffe9b28461e.html> (referer: https://fgj.sh.gov.cn/gycqbzfgsgg/index_4.html)
Traceback (most recent call last):
  File "E:\software\python3\Lib\site-packages\scrapy\utils\defer.py", line 279, in iter_errback
    yield next(it)
          ^^^^^^^^
  File "E:\software\python3\Lib\site-packages\scrapy\utils\python.py", line 350, in __next__
    return next(self.data)
           ^^^^^^^^^^^^^^^
  File "E:\software\python3\Lib\site-packages\scrapy\utils\python.py", line 350, in __next__
    return next(self.data)
           ^^^^^^^^^^^^^^^
  File "E:\software\python3\Lib\site-packages\scrapy\core\spidermw.py", line 106, in process_sync
    for r in iterable:
  File "E:\software\python3\Lib\site-packages\scrapy\spidermiddlewares\offsite.py", line 28, in <genexpr>
    return (r for r in result or () if self._filter(r, spider))
           ^^^^^^^^^^^^^^^^^^^^^^^^^^^^^^^^^^^^^^^^^^^^^^^^^^^^
  File "E:\software\python3\Lib\site-packages\scrapy\core\spidermw.py", line 106, in process_sync
    for r in iterable:
  File "E:\software\python3\Lib\site-packages\scrapy\spidermiddlewares\referer.py", line 352, in <genexpr>
    return (self._set_referer(r, response) for r in result or ())
           ^^^^^^^^^^^^^^^^^^^^^^^^^^^^^^^^^^^^^^^^^^^^^^^^^^^^^^
  File "E:\software\python3\Lib\site-packages\scrapy\core\spidermw.py", line 106, in process_sync
    for r in iterable:
  File "E:\software\python3\Lib\site-packages\scrapy\spidermiddlewares\urllength.py", line 27, in <genexpr>
    return (r for r in result or () if self._filter(r, spider))
           ^^^^^^^^^^^^^^^^^^^^^^^^^^^^^^^^^^^^^^^^^^^^^^^^^^^^
  File "E:\software\python3\Lib\site-packages\scrapy\core\spidermw.py", line 106, in process_sync
    for r in iterable:
  File "E:\software\python3\Lib\site-packages\scrapy\spidermiddlewares\depth.py", line 31, in <genexpr>
    return (r for r in result or () if self._filter(r, response, spider))
           ^^^^^^^^^^^^^^^^^^^^^^^^^^^^^^^^^^^^^^^^^^^^^^^^^^^^^^^^^^^^^^
  File "E:\software\python3\Lib\site-packages\scrapy\core\spidermw.py", line 106, in process_sync
    for r in iterable:
  File "D:\python\securityHouse\securityHouse\spiders\security_house_request.py", line 131, in parse_detail_home
    print(content)
UnicodeEncodeError: 'gbk' codec can't encode character '\xa0' in position 44: illegal multibyte sequence
2024-04-15 20:41:58 [scrapy.core.scraper] ERROR: Spider error processing <GET https://fgj.sh.gov.cn/gycqbzfgsgg/20230718/bd0b39fedb064fb2a8ab8b8863280465.html> (referer: https://fgj.sh.gov.cn/gycqbzfgsgg/index_4.html)
Traceback (most recent call last):
  File "E:\software\python3\Lib\site-packages\scrapy\utils\defer.py", line 279, in iter_errback
    yield next(it)
          ^^^^^^^^
  File "E:\software\python3\Lib\site-packages\scrapy\utils\python.py", line 350, in __next__
    return next(self.data)
           ^^^^^^^^^^^^^^^
  File "E:\software\python3\Lib\site-packages\scrapy\utils\python.py", line 350, in __next__
    return next(self.data)
           ^^^^^^^^^^^^^^^
  File "E:\software\python3\Lib\site-packages\scrapy\core\spidermw.py", line 106, in process_sync
    for r in iterable:
  File "E:\software\python3\Lib\site-packages\scrapy\spidermiddlewares\offsite.py", line 28, in <genexpr>
    return (r for r in result or () if self._filter(r, spider))
           ^^^^^^^^^^^^^^^^^^^^^^^^^^^^^^^^^^^^^^^^^^^^^^^^^^^^
  File "E:\software\python3\Lib\site-packages\scrapy\core\spidermw.py", line 106, in process_sync
    for r in iterable:
  File "E:\software\python3\Lib\site-packages\scrapy\spidermiddlewares\referer.py", line 352, in <genexpr>
    return (self._set_referer(r, response) for r in result or ())
           ^^^^^^^^^^^^^^^^^^^^^^^^^^^^^^^^^^^^^^^^^^^^^^^^^^^^^^
  File "E:\software\python3\Lib\site-packages\scrapy\core\spidermw.py", line 106, in process_sync
    for r in iterable:
  File "E:\software\python3\Lib\site-packages\scrapy\spidermiddlewares\urllength.py", line 27, in <genexpr>
    return (r for r in result or () if self._filter(r, spider))
           ^^^^^^^^^^^^^^^^^^^^^^^^^^^^^^^^^^^^^^^^^^^^^^^^^^^^
  File "E:\software\python3\Lib\site-packages\scrapy\core\spidermw.py", line 106, in process_sync
    for r in iterable:
  File "E:\software\python3\Lib\site-packages\scrapy\spidermiddlewares\depth.py", line 31, in <genexpr>
    return (r for r in result or () if self._filter(r, response, spider))
           ^^^^^^^^^^^^^^^^^^^^^^^^^^^^^^^^^^^^^^^^^^^^^^^^^^^^^^^^^^^^^^
  File "E:\software\python3\Lib\site-packages\scrapy\core\spidermw.py", line 106, in process_sync
    for r in iterable:
  File "D:\python\securityHouse\securityHouse\spiders\security_house_request.py", line 131, in parse_detail_home
    print(content)
UnicodeEncodeError: 'gbk' codec can't encode character '\xa0' in position 46: illegal multibyte sequence
2024-04-15 20:41:58 [scrapy.core.engine] INFO: Closing spider (finished)
2024-04-15 20:41:58 [scrapy.statscollectors] INFO: Dumping Scrapy stats:
{'downloader/request_bytes': 16871,
 'downloader/request_count': 48,
 'downloader/request_method_count/GET': 48,
 'downloader/response_bytes': 166952,
 'downloader/response_count': 48,
 'downloader/response_status_count/200': 46,
 'downloader/response_status_count/404': 2,
 'elapsed_time_seconds': 0.950734,
 'finish_reason': 'finished',
 'finish_time': datetime.datetime(2024, 4, 15, 12, 41, 58, 954163, tzinfo=datetime.timezone.utc),
 'httpcompression/response_bytes': 1038875,
 'httpcompression/response_count': 46,
 'httperror/response_ignored_count': 1,
 'httperror/response_ignored_status_count/404': 1,
 'item_scraped_count': 3,
 'log_count/DEBUG': 54,
 'log_count/ERROR': 32,
 'log_count/INFO': 11,
 'request_depth_max': 1,
 'response_received_count': 48,
 'robotstxt/request_count': 1,
 'robotstxt/response_count': 1,
 'robotstxt/response_status_count/404': 1,
 'scheduler/dequeued': 47,
 'scheduler/dequeued/memory': 47,
 'scheduler/enqueued': 47,
 'scheduler/enqueued/memory': 47,
 'spider_exceptions/UnicodeEncodeError': 32,
 'start_time': datetime.datetime(2024, 4, 15, 12, 41, 58, 3429, tzinfo=datetime.timezone.utc)}
2024-04-15 20:41:58 [scrapy.core.engine] INFO: Spider closed (finished)
